#
# A fatal error has been detected by the Java Runtime Environment:
#
#  SIGSEGV (0xb) at pc=0x00007faeb5bea8f2, pid=3576, tid=3938
#
# JRE version: OpenJDK Runtime Environment (16.0.2+7) (build 16.0.2+7)
# Java VM: OpenJDK 64-Bit Server VM (16.0.2+7, mixed mode, tiered, compressed oops, compressed class ptrs, g1 gc, linux-amd64)
# Problematic frame:
# V  [libjvm.so+0xda38f2]
#
# Core dump will be written. Default location: Core dumps may be processed with "/usr/lib/systemd/systemd-coredump %P %u %g %s %t %c %h" (or dumping to /home/esteban/maven_test/my-app/core.3576)
#
# If you would like to submit a bug report, please visit:
#   https://bugreport.java.com/bugreport/crash.jsp
#

---------------  S U M M A R Y ------------

Command Line: --add-modules=ALL-SYSTEM --add-opens=java.base/java.util=ALL-UNNAMED --add-opens=java.base/java.lang=ALL-UNNAMED -Declipse.application=org.eclipse.jdt.ls.core.id1 -Dosgi.bundles.defaultStartLevel=4 -Declipse.product=org.eclipse.jdt.ls.core.product -Xverify:none -Xmx1G -XX:+UseG1GC -XX:+UseStringDeduplication /home/esteban/.config/coc/extensions/coc-java-data/server/plugins/org.eclipse.equinox.launcher_1.6.200.v20210416-2027.jar -configuration /home/esteban/.config/coc/extensions/coc-java-data/server/config_linux -data /home/esteban/.config/coc/extensions/coc-java-data/jdt_ws_ab230784eb909cbc71483b978968e27b

Host: Intel(R) Core(TM) i7-3610QM CPU @ 2.30GHz, 8 cores, 7G, Arch Linux
Time: Thu Aug 26 17:02:59 2021 -05 elapsed time: 185.683177 seconds (0d 0h 3m 5s)

---------------  T H R E A D  ---------------

Current thread (0x00007fae5c63dbc0):  JavaThread "C2 CompilerThread2" daemon [_thread_in_native, id=3938, stack(0x00007fae0f2ff000,0x00007fae0f400000)]


Current CompileTask:
C2: 185683 7291       4       org.eclipse.jdt.internal.compiler.lookup.BinaryTypeBinding::createMethod (1689 bytes)

Stack: [0x00007fae0f2ff000,0x00007fae0f400000],  sp=0x00007fae0f3fac00,  free space=1007k
Native frames: (J=compiled Java code, A=aot compiled Java code, j=interpreted, Vv=VM code, C=native code)
V  [libjvm.so+0xda38f2]
V  [libjvm.so+0xda3f80]
V  [libjvm.so+0xda50fe]
V  [libjvm.so+0xaf143b]
V  [libjvm.so+0xae8a51]
V  [libjvm.so+0x5de182]
V  [libjvm.so+0x5dbfca]
V  [libjvm.so+0x5dd9e4]
V  [libjvm.so+0x51fadd]
V  [libjvm.so+0x5e6d98]
V  [libjvm.so+0x5e79b8]
V  [libjvm.so+0xe70bd5]
V  [libjvm.so+0xe75a30]
V  [libjvm.so+0xc33eda]


siginfo: si_signo: 11 (SIGSEGV), si_code: 1 (SEGV_MAPERR), si_addr: 0x0000000000000008

Register to memory mapping:

RAX=0x00007fadf8b9db70 points into unknown readable memory: 0x0000000000000000 | 00 00 00 00 00 00 00 00
RBX=0x00007fae0f3fb200 is pointing into the stack for thread: 0x00007fae5c63dbc0
RCX=0x0000000000000010 is an unknown value
RDX=0x0 is NULL
RSP=0x00007fae0f3fac00 is pointing into the stack for thread: 0x00007fae5c63dbc0
RBP=0x00007fae0f3fac60 is pointing into the stack for thread: 0x00007fae5c63dbc0
RSI=0x00007fae5883cc48 points into unknown readable memory: 0x00007faeb60c32b0 | b0 32 0c b6 ae 7f 00 00
RDI=0x00007fadf8b9db70 points into unknown readable memory: 0x0000000000000000 | 00 00 00 00 00 00 00 00
R8 =0x00007faddc2556e0 points into unknown readable memory: 0x00007faeb60d12b0 | b0 12 0d b6 ae 7f 00 00
R9 =0x00007fae58aa60d0 points into unknown readable memory: 0x00007faeb60c4480 | 80 44 0c b6 ae 7f 00 00
R10=0x00007fae5883cc48 points into unknown readable memory: 0x00007faeb60c32b0 | b0 32 0c b6 ae 7f 00 00
R11=0x0000000000000008 is an unknown value
R12=0x00007faddca9fb78 points into unknown readable memory: 0x00007faeb60cc6a0 | a0 c6 0c b6 ae 7f 00 00
R13=0x00007fae5c220de0 points into unknown readable memory: 0x00007faeb60d1520 | 20 15 0d b6 ae 7f 00 00
R14=0x00007fae0f3fada0 is pointing into the stack for thread: 0x00007fae5c63dbc0
R15=0x0 is NULL


Registers:
RAX=0x00007fadf8b9db70, RBX=0x00007fae0f3fb200, RCX=0x0000000000000010, RDX=0x0000000000000000
RSP=0x00007fae0f3fac00, RBP=0x00007fae0f3fac60, RSI=0x00007fae5883cc48, RDI=0x00007fadf8b9db70
R8 =0x00007faddc2556e0, R9 =0x00007fae58aa60d0, R10=0x00007fae5883cc48, R11=0x0000000000000008
R12=0x00007faddca9fb78, R13=0x00007fae5c220de0, R14=0x00007fae0f3fada0, R15=0x0000000000000000
RIP=0x00007faeb5bea8f2, EFLAGS=0x0000000000010212, CSGSFS=0x002b000000000033, ERR=0x0000000000000004
  TRAPNO=0x000000000000000e

Top of Stack: (sp=0x00007fae0f3fac00)
0x00007fae0f3fac00:   00007fae0f3fac70 00007faeb5ac6495
0x00007fae0f3fac10:   00007faddc2556e0 00007fae58aa64e0
0x00007fae0f3fac20:   00007fae58aa63a0 00007fae58aa60d0
0x00007fae0f3fac30:   00007fae0f3fc808 00007faddca9fb78 

Instructions: (pc=0x00007faeb5bea8f2)
0x00007faeb5bea7f2:   4c 8b 45 c8 49 03 46 30 e9 bb fe ff ff 90 48 8b
0x00007faeb5bea802:   04 25 08 00 00 00 48 8b 18 48 85 db 0f 84 f8 fe
0x00007faeb5bea812:   ff ff 31 db 41 b8 01 00 00 00 4c 89 45 c0 48 89
0x00007faeb5bea822:   7d c8 48 89 4d b8 67 e8 32 bd e5 ff 48 8b 45 b8
0x00007faeb5bea832:   4c 8b 45 c0 48 8b 7d c8 49 03 46 30 e9 38 fe ff
0x00007faeb5bea842:   ff 0f 1f 44 00 00 41 b8 01 00 00 00 31 db e9 f5
0x00007faeb5bea852:   fe ff ff 0f 1f 00 41 b8 01 00 00 00 31 db e9 4d
0x00007faeb5bea862:   ff ff ff 0f 1f 00 4c 8d 40 01 48 89 c3 e9 3e ff
0x00007faeb5bea872:   ff ff 0f 1f 40 00 4c 8d 40 01 48 89 c3 e9 c6 fe
0x00007faeb5bea882:   ff ff 41 b8 01 00 00 00 e9 23 ff ff ff 41 b8 01
0x00007faeb5bea892:   00 00 00 e9 b0 fe ff ff 66 0f 1f 44 00 00 55 41
0x00007faeb5bea8a2:   ba ef be ad de 48 89 e5 41 57 41 56 41 55 4d 89
0x00007faeb5bea8b2:   c5 41 54 49 89 f4 53 48 89 fb 48 83 ec 38 48 89
0x00007faeb5bea8c2:   55 c0 4c 8b 75 10 48 89 4d b8 4c 89 4d c8 4c 89
0x00007faeb5bea8d2:   45 b0 4d 39 e5 74 6c 0f 1f 80 00 00 00 00 48 8b
0x00007faeb5bea8e2:   83 f8 09 00 00 41 8b 55 28 48 8d 3c d0 4c 8b 3f
0x00007faeb5bea8f2:   49 8b 47 08 48 83 38 00 75 26 8b 4b 28 90 41 8b
0x00007faeb5bea902:   47 28 39 c8 0f 83 e4 00 00 00 48 8b 53 30 4c 8b
0x00007faeb5bea912:   3c c2 49 83 e7 fe 49 8b 47 08 48 83 38 00 74 de
0x00007faeb5bea922:   4c 89 3f 4c 89 ee 4c 89 f7 67 e8 3f bc 8e ff 4d
0x00007faeb5bea932:   89 ea 48 85 c0 0f 85 e8 00 00 00 4d 89 fd 4d 39
0x00007faeb5bea942:   e5 75 9b 4c 8b 6d b0 4c 39 55 c0 0f 84 ec 00 00
0x00007faeb5bea952:   00 4c 39 55 b8 0f 84 e2 00 00 00 48 8b 7d c8 4c
0x00007faeb5bea962:   89 55 b0 48 8b 07 ff 50 10 4c 8b 55 b0 4d 89 d0
0x00007faeb5bea972:   84 c0 0f 84 59 01 00 00 4d 39 ec 0f 84 a5 00 00
0x00007faeb5bea982:   00 4c 89 ee 49 89 dd 4c 89 c3 0f 1f 40 00 49 8b
0x00007faeb5bea992:   85 f8 09 00 00 8b 56 28 48 8d 3c d0 4c 8b 3f 49
0x00007faeb5bea9a2:   8b 47 08 48 83 38 00 75 23 41 8b 4d 28 90 41 8b
0x00007faeb5bea9b2:   47 28 39 c8 73 58 49 8b 55 30 4c 8b 3c c2 49 83
0x00007faeb5bea9c2:   e7 fe 49 8b 47 08 48 83 38 00 74 e2 4c 89 3f b9
0x00007faeb5bea9d2:   01 00 00 00 48 89 da 4c 89 f7 67 e8 de b8 8e ff
0x00007faeb5bea9e2:   4d 39 fc 74 53 4c 89 fe eb a4 0f 1f 40 00 48 8b 


Stack slot to memory mapping:
stack at sp + 0 slots: 0x00007fae0f3fac70 is pointing into the stack for thread: 0x00007fae5c63dbc0
stack at sp + 1 slots: 0x00007faeb5ac6495: <offset 0x0000000000c7f495> in /usr/lib/jvm/java-16-openjdk/lib/server/libjvm.so at 0x00007faeb4e47000
stack at sp + 2 slots: 0x00007faddc2556e0 points into unknown readable memory: 0x00007faeb60d12b0 | b0 12 0d b6 ae 7f 00 00
stack at sp + 3 slots: 0x00007fae58aa64e0 points into unknown readable memory: 0x00007faeb60d12b0 | b0 12 0d b6 ae 7f 00 00
stack at sp + 4 slots: 0x00007fae58aa63a0 points into unknown readable memory: 0x00007faeb60d12b0 | b0 12 0d b6 ae 7f 00 00
stack at sp + 5 slots: 0x00007fae58aa60d0 points into unknown readable memory: 0x00007faeb60c4480 | 80 44 0c b6 ae 7f 00 00
stack at sp + 6 slots: 0x00007fae0f3fc808 is pointing into the stack for thread: 0x00007fae5c63dbc0
stack at sp + 7 slots: 0x00007faddca9fb78 points into unknown readable memory: 0x00007faeb60cc6a0 | a0 c6 0c b6 ae 7f 00 00


---------------  P R O C E S S  ---------------

Threads class SMR info:
_java_thread_list=0x00007fae5c63e5a0, length=27, elements={
0x00007faeb00107a0, 0x00007faeb01580e0, 0x00007faeb0159890, 0x00007faeb0187bd0,
0x00007faeb0189120, 0x00007faeb018a660, 0x00007faeb018c140, 0x00007faeb018d750,
0x00007faeb018ecf0, 0x00007faeb0264890, 0x00007faeb02c5540, 0x00007faeb0411f70,
0x00007faeb0564830, 0x00007faeb04eae10, 0x00007faeb05aead0, 0x00007fae300307f0,
0x00007fae30450a10, 0x00007fadf80010a0, 0x00007fadfc000fc0, 0x00007fae30689440,
0x00007fae30873d50, 0x00007fae302d0670, 0x00007faeb0249370, 0x00007faeb0607f00,
0x00007fadf844e170, 0x00007fae5c63bb00, 0x00007fae5c63dbc0
}

Java Threads: ( => current thread )
  0x00007faeb00107a0 JavaThread "main" [_thread_blocked, id=3577, stack(0x00007faeb49d1000,0x00007faeb4ad2000)]
  0x00007faeb01580e0 JavaThread "Reference Handler" daemon [_thread_blocked, id=3585, stack(0x00007fae945fd000,0x00007fae946fe000)]
  0x00007faeb0159890 JavaThread "Finalizer" daemon [_thread_blocked, id=3586, stack(0x00007fae944fc000,0x00007fae945fd000)]
  0x00007faeb0187bd0 JavaThread "Signal Dispatcher" daemon [_thread_blocked, id=3587, stack(0x00007fae94114000,0x00007fae94215000)]
  0x00007faeb0189120 JavaThread "Service Thread" daemon [_thread_blocked, id=3588, stack(0x00007fae94013000,0x00007fae94114000)]
  0x00007faeb018a660 JavaThread "Monitor Deflation Thread" daemon [_thread_blocked, id=3589, stack(0x00007fae85eff000,0x00007fae86000000)]
  0x00007faeb018c140 JavaThread "C2 CompilerThread0" daemon [_thread_in_native, id=3590, stack(0x00007fae85dfe000,0x00007fae85eff000)]
  0x00007faeb018d750 JavaThread "C1 CompilerThread0" daemon [_thread_blocked, id=3591, stack(0x00007fae85cfd000,0x00007fae85dfe000)]
  0x00007faeb018ecf0 JavaThread "Sweeper thread" daemon [_thread_blocked, id=3592, stack(0x00007fae85bfc000,0x00007fae85cfd000)]
  0x00007faeb0264890 JavaThread "Common-Cleaner" daemon [_thread_blocked, id=3593, stack(0x00007fae85afb000,0x00007fae85bfc000)]
  0x00007faeb02c5540 JavaThread "Notification Thread" daemon [_thread_blocked, id=3594, stack(0x00007fae859fa000,0x00007fae85afb000)]
  0x00007faeb0411f70 JavaThread "process reaper" daemon [_thread_blocked, id=3597, stack(0x00007fae9509f000,0x00007fae950c1000)]
  0x00007faeb0564830 JavaThread "Active Thread: Equinox Container: cc029da6-71ae-43f0-9896-62b88d3ff71b" [_thread_blocked, id=3601, stack(0x00007fae84cfd000,0x00007fae84dfe000)]
  0x00007faeb04eae10 JavaThread "Framework Event Dispatcher: Equinox Container: cc029da6-71ae-43f0-9896-62b88d3ff71b" daemon [_thread_blocked, id=3602, stack(0x00007fae84dfe000,0x00007fae84eff000)]
  0x00007faeb05aead0 JavaThread "Start Level: Equinox Container: cc029da6-71ae-43f0-9896-62b88d3ff71b" daemon [_thread_blocked, id=3603, stack(0x00007fae84bfc000,0x00007fae84cfd000)]
  0x00007fae300307f0 JavaThread "SCR Component Actor" daemon [_thread_blocked, id=3612, stack(0x00007fae840da000,0x00007fae841db000)]
  0x00007fae30450a10 JavaThread "Worker-JM" [_thread_blocked, id=3615, stack(0x00007fae0feff000,0x00007fae10000000)]
  0x00007fadf80010a0 JavaThread "Worker-1" [_thread_blocked, id=3619, stack(0x00007fae0f1fe000,0x00007fae0f2ff000)]
  0x00007fadfc000fc0 JavaThread "Worker-2" [_thread_blocked, id=3620, stack(0x00007fae0f0fd000,0x00007fae0f1fe000)]
  0x00007fae30689440 JavaThread "Java indexing" daemon [_thread_blocked, id=3621, stack(0x00007fae0effc000,0x00007fae0f0fd000)]
  0x00007fae30873d50 JavaThread "Bundle File Closer" daemon [_thread_blocked, id=3624, stack(0x00007fae0eefb000,0x00007fae0effc000)]
  0x00007fae302d0670 JavaThread "logback configurator timer" daemon [_thread_blocked, id=3626, stack(0x00007fae0ecf9000,0x00007fae0edfa000)]
  0x00007faeb0249370 JavaThread "pool-3-thread-1" [_thread_blocked, id=3627, stack(0x00007fae0edfa000,0x00007fae0eefb000)]
  0x00007faeb0607f00 JavaThread "pool-2-thread-1" [_thread_in_native, id=3628, stack(0x00007fae0e2ff000,0x00007fae0e400000)]
  0x00007fadf844e170 JavaThread "ForkJoinPool.commonPool-worker-3" daemon [_thread_blocked, id=3698, stack(0x00007fae0defb000,0x00007fae0dffc000)]
  0x00007fae5c63bb00 JavaThread "C2 CompilerThread1" daemon [_thread_in_native, id=3937, stack(0x00007fae0e0fd000,0x00007fae0e1fe000)]
=>0x00007fae5c63dbc0 JavaThread "C2 CompilerThread2" daemon [_thread_in_native, id=3938, stack(0x00007fae0f2ff000,0x00007fae0f400000)]

Other Threads:
  0x00007faeb0149e80 VMThread "VM Thread" [stack: 0x00007fae94700000,0x00007fae94800000] [id=3584]
  0x00007faeb02c7060 WatcherThread [stack: 0x00007fae858fa000,0x00007fae859fa000] [id=3595]
  0x00007faeb0040c20 GCTaskThread "GC Thread#0" [stack: 0x00007fae95eea000,0x00007fae95fea000] [id=3578]
  0x00007fae70005330 GCTaskThread "GC Thread#1" [stack: 0x00007fae84afc000,0x00007fae84bfc000] [id=3604]
  0x00007fae70005eb0 GCTaskThread "GC Thread#2" [stack: 0x00007fae849fa000,0x00007fae84afa000] [id=3605]
  0x00007fae70006a30 GCTaskThread "GC Thread#3" [stack: 0x00007fae848f8000,0x00007fae849f8000] [id=3606]
  0x00007fae70009a20 GCTaskThread "GC Thread#4" [stack: 0x00007fae847f6000,0x00007fae848f6000] [id=3607]
  0x00007fae7000a570 GCTaskThread "GC Thread#5" [stack: 0x00007fae846f4000,0x00007fae847f4000] [id=3608]
  0x00007fae70008c90 GCTaskThread "GC Thread#6" [stack: 0x00007fae845f2000,0x00007fae846f2000] [id=3609]
  0x00007fae7000f7b0 GCTaskThread "GC Thread#7" [stack: 0x00007fae0fdff000,0x00007fae0feff000] [id=3616]
  0x00007faeb004a390 ConcurrentGCThread "G1 Main Marker" [stack: 0x00007fae95de8000,0x00007fae95ee8000] [id=3579]
  0x00007faeb004b420 ConcurrentGCThread "G1 Conc#0" [stack: 0x00007fae95ce6000,0x00007fae95de6000] [id=3580]
  0x00007fae88000e80 ConcurrentGCThread "G1 Conc#1" [stack: 0x00007fae0fcfd000,0x00007fae0fdfd000] [id=3617]
  0x00007faeb00c1e60 ConcurrentGCThread "G1 Refine#0" [stack: 0x00007fae953dc000,0x00007fae954dc000] [id=3581]
  0x00007fae80000e80 ConcurrentGCThread "G1 Refine#1" [stack: 0x00007fae844f0000,0x00007fae845f0000] [id=3610]
  0x00007fae1c000e80 ConcurrentGCThread "G1 Refine#2" [stack: 0x00007fae843ee000,0x00007fae844ee000] [id=3611]
  0x00007faeb00c2e80 ConcurrentGCThread "G1 Service" [stack: 0x00007fae952da000,0x00007fae953da000] [id=3582]
  0x00007faeb00c9160 ConcurrentGCThread "StrDedup" [stack: 0x00007fae951d8000,0x00007fae952d8000] [id=3583]

Threads with active compile tasks:
C2 CompilerThread0   185687 7265   !   4       org.eclipse.jdt.internal.compiler.lookup.BinaryTypeBinding::superInterfaces (279 bytes)
C2 CompilerThread1   185687 7303   !   4       org.eclipse.jdt.internal.compiler.lookup.BinaryTypeBinding::superclass (207 bytes)
C2 CompilerThread2   185687 7291       4       org.eclipse.jdt.internal.compiler.lookup.BinaryTypeBinding::createMethod (1689 bytes)

VM state: not at safepoint (normal execution)

VM Mutex/Monitor currently owned by a thread: None

Heap address: 0x00000000c0000000, size: 1024 MB, Compressed Oops mode: 32-bit

CDS disabled.
Compressed class space mapped at: 0x0000000100000000-0x0000000140000000, reserved size: 1073741824
Narrow klass base: 0x0000000000000000, Narrow klass shift: 3, Narrow klass range: 0x140000000

GC Precious Log:
 CPUs: 8 total, 8 available
 Memory: 7914M
 Large Page Support: Disabled
 NUMA Support: Disabled
 Compressed Oops: Enabled (32-bit)
 Heap Region Size: 1M
 Heap Min Capacity: 8M
 Heap Initial Capacity: 124M
 Heap Max Capacity: 1G
 Pre-touch: Disabled
 Parallel Workers: 8
 Concurrent Workers: 2
 Concurrent Refinement Workers: 8
 Periodic GC: Disabled

Heap:
 garbage-first heap   total 86016K, used 57154K [0x00000000c0000000, 0x0000000100000000)
  region size 1024K, 17 young (17408K), 3 survivors (3072K)
 Metaspace       used 58420K, committed 59392K, reserved 1105920K
  class space    used 5645K, committed 6080K, reserved 1048576K

Heap Regions: E=young(eden), S=young(survivor), O=old, HS=humongous(starts), HC=humongous(continues), CS=collection set, F=free, OA=open archive, CA=closed archive, TAMS=top-at-mark-start (previous, next)
|   0|0x00000000c0000000, 0x00000000c0100000, 0x00000000c0100000|100%| O|  |TAMS 0x00000000c0100000, 0x00000000c0000000| Untracked 
|   1|0x00000000c0100000, 0x00000000c0200000, 0x00000000c0200000|100%| O|  |TAMS 0x00000000c0200000, 0x00000000c0100000| Untracked 
|   2|0x00000000c0200000, 0x00000000c0300000, 0x00000000c0300000|100%| O|  |TAMS 0x00000000c0300000, 0x00000000c0200000| Untracked 
|   3|0x00000000c0300000, 0x00000000c0400000, 0x00000000c0400000|100%| O|  |TAMS 0x00000000c0400000, 0x00000000c0300000| Untracked 
|   4|0x00000000c0400000, 0x00000000c0500000, 0x00000000c0500000|100%| O|  |TAMS 0x00000000c0500000, 0x00000000c0400000| Untracked 
|   5|0x00000000c0500000, 0x00000000c0600000, 0x00000000c0600000|100%| O|  |TAMS 0x00000000c0600000, 0x00000000c0500000| Untracked 
|   6|0x00000000c0600000, 0x00000000c0700000, 0x00000000c0700000|100%| O|  |TAMS 0x00000000c0700000, 0x00000000c0600000| Untracked 
|   7|0x00000000c0700000, 0x00000000c0800000, 0x00000000c0800000|100%| O|  |TAMS 0x00000000c0800000, 0x00000000c0700000| Untracked 
|   8|0x00000000c0800000, 0x00000000c0900000, 0x00000000c0900000|100%| O|  |TAMS 0x00000000c0900000, 0x00000000c0800000| Untracked 
|   9|0x00000000c0900000, 0x00000000c0a00000, 0x00000000c0a00000|100%|HS|  |TAMS 0x00000000c0a00000, 0x00000000c0900000| Complete 
|  10|0x00000000c0a00000, 0x00000000c0b00000, 0x00000000c0b00000|100%| O|  |TAMS 0x00000000c0b00000, 0x00000000c0a00000| Untracked 
|  11|0x00000000c0b00000, 0x00000000c0c00000, 0x00000000c0c00000|100%| O|  |TAMS 0x00000000c0c00000, 0x00000000c0b00000| Untracked 
|  12|0x00000000c0c00000, 0x00000000c0d00000, 0x00000000c0d00000|100%| O|  |TAMS 0x00000000c0d00000, 0x00000000c0c00000| Untracked 
|  13|0x00000000c0d00000, 0x00000000c0e00000, 0x00000000c0e00000|100%| O|  |TAMS 0x00000000c0e00000, 0x00000000c0d00000| Untracked 
|  14|0x00000000c0e00000, 0x00000000c0f00000, 0x00000000c0f00000|100%| O|  |TAMS 0x00000000c0f00000, 0x00000000c0e00000| Untracked 
|  15|0x00000000c0f00000, 0x00000000c1000000, 0x00000000c1000000|100%| O|  |TAMS 0x00000000c1000000, 0x00000000c0f00000| Untracked 
|  16|0x00000000c1000000, 0x00000000c1100000, 0x00000000c1100000|100%| O|  |TAMS 0x00000000c1100000, 0x00000000c1000000| Untracked 
|  17|0x00000000c1100000, 0x00000000c1200000, 0x00000000c1200000|100%| O|  |TAMS 0x00000000c1200000, 0x00000000c1100000| Untracked 
|  18|0x00000000c1200000, 0x00000000c1300000, 0x00000000c1300000|100%| O|  |TAMS 0x00000000c1300000, 0x00000000c1200000| Untracked 
|  19|0x00000000c1300000, 0x00000000c1400000, 0x00000000c1400000|100%| O|  |TAMS 0x00000000c1400000, 0x00000000c1300000| Untracked 
|  20|0x00000000c1400000, 0x00000000c1500000, 0x00000000c1500000|100%| O|  |TAMS 0x00000000c1500000, 0x00000000c1400000| Untracked 
|  21|0x00000000c1500000, 0x00000000c1600000, 0x00000000c1600000|100%| O|  |TAMS 0x00000000c1600000, 0x00000000c1500000| Untracked 
|  22|0x00000000c1600000, 0x00000000c1700000, 0x00000000c1700000|100%| O|  |TAMS 0x00000000c1700000, 0x00000000c1600000| Untracked 
|  23|0x00000000c1700000, 0x00000000c1800000, 0x00000000c1800000|100%| O|  |TAMS 0x00000000c1800000, 0x00000000c1700000| Untracked 
|  24|0x00000000c1800000, 0x00000000c1900000, 0x00000000c1900000|100%| O|  |TAMS 0x00000000c1900000, 0x00000000c1800000| Untracked 
|  25|0x00000000c1900000, 0x00000000c1a00000, 0x00000000c1a00000|100%| O|  |TAMS 0x00000000c1a00000, 0x00000000c1900000| Untracked 
|  26|0x00000000c1a00000, 0x00000000c1b00000, 0x00000000c1b00000|100%| O|  |TAMS 0x00000000c1b00000, 0x00000000c1a00000| Untracked 
|  27|0x00000000c1b00000, 0x00000000c1c00000, 0x00000000c1c00000|100%| O|  |TAMS 0x00000000c1c00000, 0x00000000c1b00000| Untracked 
|  28|0x00000000c1c00000, 0x00000000c1d00000, 0x00000000c1d00000|100%| O|  |TAMS 0x00000000c1d00000, 0x00000000c1c00000| Untracked 
|  29|0x00000000c1d00000, 0x00000000c1e00000, 0x00000000c1e00000|100%| O|  |TAMS 0x00000000c1e00000, 0x00000000c1d00000| Untracked 
|  30|0x00000000c1e00000, 0x00000000c1f00000, 0x00000000c1f00000|100%| O|  |TAMS 0x00000000c1f00000, 0x00000000c1e00000| Untracked 
|  31|0x00000000c1f00000, 0x00000000c2000000, 0x00000000c2000000|100%| O|  |TAMS 0x00000000c2000000, 0x00000000c1f00000| Untracked 
|  32|0x00000000c2000000, 0x00000000c2100000, 0x00000000c2100000|100%| O|  |TAMS 0x00000000c2100000, 0x00000000c2000000| Untracked 
|  33|0x00000000c2100000, 0x00000000c2200000, 0x00000000c2200000|100%| O|  |TAMS 0x00000000c2200000, 0x00000000c2100000| Untracked 
|  34|0x00000000c2200000, 0x00000000c2300000, 0x00000000c2300000|100%| O|  |TAMS 0x00000000c2300000, 0x00000000c2200000| Untracked 
|  35|0x00000000c2300000, 0x00000000c2400000, 0x00000000c2400000|100%| O|  |TAMS 0x00000000c2400000, 0x00000000c2300000| Untracked 
|  36|0x00000000c2400000, 0x00000000c2500000, 0x00000000c2500000|100%| O|  |TAMS 0x00000000c2500000, 0x00000000c2400000| Untracked 
|  37|0x00000000c2500000, 0x00000000c2600000, 0x00000000c2600000|100%| O|  |TAMS 0x00000000c2600000, 0x00000000c2500000| Untracked 
|  38|0x00000000c2600000, 0x00000000c2700000, 0x00000000c2700000|100%| O|  |TAMS 0x00000000c26a4e00, 0x00000000c2600000| Untracked 
|  39|0x00000000c2700000, 0x00000000c2800000, 0x00000000c2800000|100%| O|  |TAMS 0x00000000c2700000, 0x00000000c2700000| Untracked 
|  40|0x00000000c2800000, 0x00000000c2895a00, 0x00000000c2900000| 58%| O|  |TAMS 0x00000000c2800000, 0x00000000c2800000| Untracked 
|  41|0x00000000c2900000, 0x00000000c2900000, 0x00000000c2a00000|  0%| F|  |TAMS 0x00000000c2900000, 0x00000000c2900000| Untracked 
|  42|0x00000000c2a00000, 0x00000000c2a00000, 0x00000000c2b00000|  0%| F|  |TAMS 0x00000000c2a00000, 0x00000000c2a00000| Untracked 
|  43|0x00000000c2b00000, 0x00000000c2b00000, 0x00000000c2c00000|  0%| F|  |TAMS 0x00000000c2b00000, 0x00000000c2b00000| Untracked 
|  44|0x00000000c2c00000, 0x00000000c2c00000, 0x00000000c2d00000|  0%| F|  |TAMS 0x00000000c2c00000, 0x00000000c2c00000| Untracked 
|  45|0x00000000c2d00000, 0x00000000c2d00000, 0x00000000c2e00000|  0%| F|  |TAMS 0x00000000c2d00000, 0x00000000c2d00000| Untracked 
|  46|0x00000000c2e00000, 0x00000000c2e00000, 0x00000000c2f00000|  0%| F|  |TAMS 0x00000000c2e00000, 0x00000000c2e00000| Untracked 
|  47|0x00000000c2f00000, 0x00000000c2f00000, 0x00000000c3000000|  0%| F|  |TAMS 0x00000000c2f00000, 0x00000000c2f00000| Untracked 
|  48|0x00000000c3000000, 0x00000000c3000000, 0x00000000c3100000|  0%| F|  |TAMS 0x00000000c3000000, 0x00000000c3000000| Untracked 
|  49|0x00000000c3100000, 0x00000000c3100000, 0x00000000c3200000|  0%| F|  |TAMS 0x00000000c3100000, 0x00000000c3100000| Untracked 
|  50|0x00000000c3200000, 0x00000000c3200000, 0x00000000c3300000|  0%| F|  |TAMS 0x00000000c3200000, 0x00000000c3200000| Untracked 
|  51|0x00000000c3300000, 0x00000000c333b140, 0x00000000c3400000| 23%| S|CS|TAMS 0x00000000c3300000, 0x00000000c3300000| Complete 
|  52|0x00000000c3400000, 0x00000000c3400000, 0x00000000c3500000|  0%| F|  |TAMS 0x00000000c3400000, 0x00000000c3400000| Untracked 
|  53|0x00000000c3500000, 0x00000000c3500000, 0x00000000c3600000|  0%| F|  |TAMS 0x00000000c3500000, 0x00000000c3500000| Untracked 
|  54|0x00000000c3600000, 0x00000000c3700000, 0x00000000c3700000|100%| S|CS|TAMS 0x00000000c3600000, 0x00000000c3600000| Complete 
|  55|0x00000000c3700000, 0x00000000c3800000, 0x00000000c3800000|100%| S|CS|TAMS 0x00000000c3700000, 0x00000000c3700000| Complete 
|  56|0x00000000c3800000, 0x00000000c3800000, 0x00000000c3900000|  0%| F|  |TAMS 0x00000000c3800000, 0x00000000c3800000| Untracked 
|  57|0x00000000c3900000, 0x00000000c3900000, 0x00000000c3a00000|  0%| F|  |TAMS 0x00000000c3900000, 0x00000000c3900000| Untracked 
|  58|0x00000000c3a00000, 0x00000000c3a00000, 0x00000000c3b00000|  0%| F|  |TAMS 0x00000000c3a00000, 0x00000000c3a00000| Untracked 
|  59|0x00000000c3b00000, 0x00000000c3b00000, 0x00000000c3c00000|  0%| F|  |TAMS 0x00000000c3b00000, 0x00000000c3b00000| Untracked 
|  60|0x00000000c3c00000, 0x00000000c3c00000, 0x00000000c3d00000|  0%| F|  |TAMS 0x00000000c3c00000, 0x00000000c3c00000| Untracked 
|  61|0x00000000c3d00000, 0x00000000c3d00000, 0x00000000c3e00000|  0%| F|  |TAMS 0x00000000c3d00000, 0x00000000c3d00000| Untracked 
|  62|0x00000000c3e00000, 0x00000000c3e00000, 0x00000000c3f00000|  0%| F|  |TAMS 0x00000000c3e00000, 0x00000000c3e00000| Untracked 
|  63|0x00000000c3f00000, 0x00000000c3f00000, 0x00000000c4000000|  0%| F|  |TAMS 0x00000000c3f00000, 0x00000000c3f00000| Untracked 
|  64|0x00000000c4000000, 0x00000000c4000000, 0x00000000c4100000|  0%| F|  |TAMS 0x00000000c4000000, 0x00000000c4000000| Untracked 
|  65|0x00000000c4100000, 0x00000000c4100000, 0x00000000c4200000|  0%| F|  |TAMS 0x00000000c4100000, 0x00000000c4100000| Untracked 
|  66|0x00000000c4200000, 0x00000000c4200000, 0x00000000c4300000|  0%| F|  |TAMS 0x00000000c4200000, 0x00000000c4200000| Untracked 
|  67|0x00000000c4300000, 0x00000000c4300000, 0x00000000c4400000|  0%| F|  |TAMS 0x00000000c4300000, 0x00000000c4300000| Untracked 
|  68|0x00000000c4400000, 0x00000000c4400000, 0x00000000c4500000|  0%| F|  |TAMS 0x00000000c4400000, 0x00000000c4400000| Untracked 
|  69|0x00000000c4500000, 0x00000000c4500000, 0x00000000c4600000|  0%| F|  |TAMS 0x00000000c4500000, 0x00000000c4500000| Untracked 
|  70|0x00000000c4600000, 0x00000000c46e2fe0, 0x00000000c4700000| 88%| E|  |TAMS 0x00000000c4600000, 0x00000000c4600000| Complete 
|  71|0x00000000c4700000, 0x00000000c4800000, 0x00000000c4800000|100%| E|CS|TAMS 0x00000000c4700000, 0x00000000c4700000| Complete 
|  72|0x00000000c4800000, 0x00000000c4900000, 0x00000000c4900000|100%| E|CS|TAMS 0x00000000c4800000, 0x00000000c4800000| Complete 
|  73|0x00000000c4900000, 0x00000000c4a00000, 0x00000000c4a00000|100%| E|CS|TAMS 0x00000000c4900000, 0x00000000c4900000| Complete 
|  74|0x00000000c4a00000, 0x00000000c4b00000, 0x00000000c4b00000|100%| E|CS|TAMS 0x00000000c4a00000, 0x00000000c4a00000| Complete 
|  75|0x00000000c4b00000, 0x00000000c4c00000, 0x00000000c4c00000|100%| E|CS|TAMS 0x00000000c4b00000, 0x00000000c4b00000| Complete 
|  76|0x00000000c4c00000, 0x00000000c4d00000, 0x00000000c4d00000|100%| E|CS|TAMS 0x00000000c4c00000, 0x00000000c4c00000| Complete 
|  77|0x00000000c4d00000, 0x00000000c4e00000, 0x00000000c4e00000|100%| E|CS|TAMS 0x00000000c4d00000, 0x00000000c4d00000| Complete 
|  78|0x00000000c4e00000, 0x00000000c4f00000, 0x00000000c4f00000|100%| E|CS|TAMS 0x00000000c4e00000, 0x00000000c4e00000| Complete 
|  95|0x00000000c5f00000, 0x00000000c6000000, 0x00000000c6000000|100%| E|CS|TAMS 0x00000000c5f00000, 0x00000000c5f00000| Complete 
|  96|0x00000000c6000000, 0x00000000c6100000, 0x00000000c6100000|100%| E|CS|TAMS 0x00000000c6000000, 0x00000000c6000000| Complete 
|  97|0x00000000c6100000, 0x00000000c6200000, 0x00000000c6200000|100%| E|CS|TAMS 0x00000000c6100000, 0x00000000c6100000| Complete 
| 101|0x00000000c6500000, 0x00000000c6600000, 0x00000000c6600000|100%| E|CS|TAMS 0x00000000c6500000, 0x00000000c6500000| Complete 
| 123|0x00000000c7b00000, 0x00000000c7c00000, 0x00000000c7c00000|100%| E|CS|TAMS 0x00000000c7b00000, 0x00000000c7b00000| Complete 

Card table byte_map: [0x00007fae981ea000,0x00007fae983ea000] _byte_map_base: 0x00007fae97bea000

Marking Bits (Prev, Next): (CMBitMap*) 0x00007faeb0041810, (CMBitMap*) 0x00007faeb00417d0
 Prev Bits: [0x00007fae95fea000, 0x00007fae96fea000)
 Next Bits: [0x00007fae96fea000, 0x00007fae97fea000)

Polling page: 0x00007faeb6395000

Metaspace:

Usage:
  Non-class:     51,54 MB used.
      Class:      5,51 MB used.
       Both:     57,05 MB used.

Virtual space:
  Non-class space:       56,00 MB reserved,      52,06 MB ( 93%) committed,  7 nodes.
      Class space:        1,00 GB reserved,       5,94 MB ( <1%) committed,  1 nodes.
              Both:        1,05 GB reserved,      58,00 MB (  5%) committed. 

Chunk freelists:
   Non-Class:  3,55 MB
       Class:  2,03 MB
        Both:  5,58 MB

MaxMetaspaceSize: 17179869184,00 GB
CompressedClassSpaceSize: 1,00 GB
 - commit_granule_bytes: 65536.
 - commit_granule_words: 8192.
 - virtual_space_node_default_size: 1048576.
 - enlarge_chunks_in_place: 1.
 - new_chunks_are_fully_committed: 0.
 - uncommit_free_chunks: 1.
 - use_allocation_guard: 0.
 - handle_deallocations: 1.


Internal statistics:

num_allocs_failed_limit: 6.
num_arena_births: 440.
num_arena_deaths: 0.
num_vsnodes_births: 8.
num_vsnodes_deaths: 0.
num_space_committed: 928.
num_space_uncommitted: 0.
num_chunks_returned_to_freelist: 6.
num_chunks_taken_from_freelist: 2460.
num_chunk_merges: 6.
num_chunk_splits: 1664.
num_chunks_enlarged: 1124.
num_purges: 0.

CodeHeap 'non-profiled nmethods': size=120028Kb used=4351Kb max_used=4351Kb free=115676Kb
 bounds [0x00007faea01b4000, 0x00007faea05f4000, 0x00007faea76eb000]
CodeHeap 'profiled nmethods': size=120028Kb used=14598Kb max_used=14598Kb free=105429Kb
 bounds [0x00007fae98c7d000, 0x00007fae99acd000, 0x00007faea01b4000]
CodeHeap 'non-nmethods': size=5704Kb used=1303Kb max_used=1374Kb free=4401Kb
 bounds [0x00007fae986eb000, 0x00007fae9895b000, 0x00007fae98c7d000]
 total_blobs=7241 nmethods=6615 adapters=538
 compilation: enabled
              stopped_count=0, restarted_count=0
 full_count=0

Compilation events (20 events):
Event: 185,572 Thread 0x00007faeb018d750 7518       2       org.eclipse.jdt.internal.compiler.ast.MessageSend::generateCode (481 bytes)
Event: 185,574 Thread 0x00007faeb018d750 nmethod 7518 0x00007fae99abb410 code [0x00007fae99abb780, 0x00007fae99abc3f0]
Event: 185,574 Thread 0x00007faeb018d750 7506       3       org.eclipse.jdt.internal.compiler.ast.Literal::analyseCode (2 bytes)
Event: 185,574 Thread 0x00007faeb018d750 nmethod 7506 0x00007fae99abcc10 code [0x00007fae99abcda0, 0x00007fae99abceb0]
Event: 185,574 Thread 0x00007faeb018d750 7516   !   2       org.eclipse.jdt.internal.compiler.lookup.FieldBinding::constant (173 bytes)
Event: 185,575 Thread 0x00007faeb018d750 nmethod 7516 0x00007fae99abcf90 code [0x00007fae99abd160, 0x00007fae99abd4d0]
Event: 185,575 Thread 0x00007faeb018d750 7515       2       org.eclipse.jdt.internal.compiler.codegen.ConstantPool::literalIndexForNameAndType (220 bytes)
Event: 185,575 Thread 0x00007faeb018d750 nmethod 7515 0x00007fae99abd690 code [0x00007fae99abd8c0, 0x00007fae99abe000]
Event: 185,575 Thread 0x00007faeb018d750 7512       2       java.lang.StringBuilder::getChars (10 bytes)
Event: 185,576 Thread 0x00007faeb018d750 nmethod 7512 0x00007fae99abe590 code [0x00007fae99abe740, 0x00007fae99abe860]
Event: 185,576 Thread 0x00007faeb018d750 7499       3       org.eclipse.jdt.internal.compiler.ast.Expression::resolve (7 bytes)
Event: 185,576 Thread 0x00007faeb018d750 nmethod 7499 0x00007fae99abe910 code [0x00007fae99abeac0, 0x00007fae99abec80]
Event: 185,576 Thread 0x00007faeb018d750 7505       1       org.eclipse.jdt.internal.compiler.ast.Expression::nullStatus (2 bytes)
Event: 185,576 Thread 0x00007faeb018d750 nmethod 7505 0x00007faea05ed990 code [0x00007faea05edb20, 0x00007faea05edbf0]
Event: 185,576 Thread 0x00007faeb018d750 7504       3       org.eclipse.jdt.internal.compiler.lookup.MethodBinding::getAnnotationTagBits (156 bytes)
Event: 185,576 Thread 0x00007fae5c63bb00 nmethod 7292 0x00007faea05edc90 code [0x00007faea05edf00, 0x00007faea05f0990]
Event: 185,576 Thread 0x00007faeb018d750 nmethod 7504 0x00007fae99abed10 code [0x00007fae99abef80, 0x00007fae99abfd10]
Event: 185,576 Thread 0x00007fae5c63bb00 7476       4       org.eclipse.jdt.internal.compiler.util.HashtableOfObject::get (68 bytes)
Event: 185,577 Thread 0x00007faeb018d750 7497       1       org.eclipse.jdt.internal.compiler.lookup.ProblemBinding::problemId (5 bytes)
Event: 185,577 Thread 0x00007faeb018d750 nmethod 7497 0x00007faea05f1c10 code [0x00007faea05f1da0, 0x00007faea05f1e70]

GC Heap History (20 events):
Event: 7,825 GC heap before
{Heap before GC invocations=13 (full 0):
 garbage-first heap   total 62464K, used 45090K [0x00000000c0000000, 0x0000000100000000)
  region size 1024K, 30 young (30720K), 4 survivors (4096K)
 Metaspace       used 40379K, committed 41152K, reserved 1089536K
  class space    used 4041K, committed 4352K, reserved 1048576K
}
Event: 7,829 GC heap after
{Heap after GC invocations=14 (full 0):
 garbage-first heap   total 62464K, used 22167K [0x00000000c0000000, 0x0000000100000000)
  region size 1024K, 3 young (3072K), 3 survivors (3072K)
 Metaspace       used 40379K, committed 41152K, reserved 1089536K
  class space    used 4041K, committed 4352K, reserved 1048576K
}
Event: 7,928 GC heap before
{Heap before GC invocations=14 (full 0):
 garbage-first heap   total 62464K, used 48791K [0x00000000c0000000, 0x0000000100000000)
  region size 1024K, 28 young (28672K), 3 survivors (3072K)
 Metaspace       used 41419K, committed 42112K, reserved 1089536K
  class space    used 4181K, committed 4480K, reserved 1048576K
}
Event: 7,932 GC heap after
{Heap after GC invocations=15 (full 0):
 garbage-first heap   total 62464K, used 25605K [0x00000000c0000000, 0x0000000100000000)
  region size 1024K, 3 young (3072K), 3 survivors (3072K)
 Metaspace       used 41419K, committed 42112K, reserved 1089536K
  class space    used 4181K, committed 4480K, reserved 1048576K
}
Event: 7,981 GC heap before
{Heap before GC invocations=15 (full 0):
 garbage-first heap   total 62464K, used 48133K [0x00000000c0000000, 0x0000000100000000)
  region size 1024K, 25 young (25600K), 3 survivors (3072K)
 Metaspace       used 41697K, committed 42432K, reserved 1089536K
  class space    used 4218K, committed 4544K, reserved 1048576K
}
Event: 7,987 GC heap after
{Heap after GC invocations=16 (full 0):
 garbage-first heap   total 86016K, used 28641K [0x00000000c0000000, 0x0000000100000000)
  region size 1024K, 3 young (3072K), 3 survivors (3072K)
 Metaspace       used 41697K, committed 42432K, reserved 1089536K
  class space    used 4218K, committed 4544K, reserved 1048576K
}
Event: 8,591 GC heap before
{Heap before GC invocations=16 (full 0):
 garbage-first heap   total 86016K, used 65505K [0x00000000c0000000, 0x0000000100000000)
  region size 1024K, 40 young (40960K), 3 survivors (3072K)
 Metaspace       used 43165K, committed 43968K, reserved 1089536K
  class space    used 4378K, committed 4736K, reserved 1048576K
}
Event: 8,597 GC heap after
{Heap after GC invocations=17 (full 0):
 garbage-first heap   total 86016K, used 33632K [0x00000000c0000000, 0x0000000100000000)
  region size 1024K, 5 young (5120K), 5 survivors (5120K)
 Metaspace       used 43165K, committed 43968K, reserved 1089536K
  class space    used 4378K, committed 4736K, reserved 1048576K
}
Event: 9,288 GC heap before
{Heap before GC invocations=17 (full 0):
 garbage-first heap   total 86016K, used 65376K [0x00000000c0000000, 0x0000000100000000)
  region size 1024K, 36 young (36864K), 5 survivors (5120K)
 Metaspace       used 45034K, committed 45888K, reserved 1097728K
  class space    used 4576K, committed 4992K, reserved 1048576K
}
Event: 9,298 GC heap after
{Heap after GC invocations=18 (full 0):
 garbage-first heap   total 86016K, used 35129K [0x00000000c0000000, 0x0000000100000000)
  region size 1024K, 2 young (2048K), 2 survivors (2048K)
 Metaspace       used 45034K, committed 45888K, reserved 1097728K
  class space    used 4576K, committed 4992K, reserved 1048576K
}
Event: 10,335 GC heap before
{Heap before GC invocations=18 (full 0):
 garbage-first heap   total 86016K, used 65849K [0x00000000c0000000, 0x0000000100000000)
  region size 1024K, 33 young (33792K), 2 survivors (2048K)
 Metaspace       used 47899K, committed 48704K, reserved 1097728K
  class space    used 4838K, committed 5248K, reserved 1048576K
}
Event: 10,340 GC heap after
{Heap after GC invocations=19 (full 0):
 garbage-first heap   total 86016K, used 36972K [0x00000000c0000000, 0x0000000100000000)
  region size 1024K, 4 young (4096K), 4 survivors (4096K)
 Metaspace       used 47899K, committed 48704K, reserved 1097728K
  class space    used 4838K, committed 5248K, reserved 1048576K
}
Event: 12,266 GC heap before
{Heap before GC invocations=19 (full 0):
 garbage-first heap   total 86016K, used 66668K [0x00000000c0000000, 0x0000000100000000)
  region size 1024K, 34 young (34816K), 4 survivors (4096K)
 Metaspace       used 53997K, committed 54912K, reserved 1105920K
  class space    used 5340K, committed 5760K, reserved 1048576K
}
Event: 12,270 GC heap after
{Heap after GC invocations=20 (full 0):
 garbage-first heap   total 86016K, used 39896K [0x00000000c0000000, 0x0000000100000000)
  region size 1024K, 5 young (5120K), 5 survivors (5120K)
 Metaspace       used 53997K, committed 54912K, reserved 1105920K
  class space    used 5340K, committed 5760K, reserved 1048576K
}
Event: 13,019 GC heap before
{Heap before GC invocations=20 (full 0):
 garbage-first heap   total 86016K, used 67544K [0x00000000c0000000, 0x0000000100000000)
  region size 1024K, 32 young (32768K), 5 survivors (5120K)
 Metaspace       used 55216K, committed 56128K, reserved 1105920K
  class space    used 5419K, committed 5824K, reserved 1048576K
}
Event: 13,023 GC heap after
{Heap after GC invocations=21 (full 0):
 garbage-first heap   total 86016K, used 41785K [0x00000000c0000000, 0x0000000100000000)
  region size 1024K, 3 young (3072K), 3 survivors (3072K)
 Metaspace       used 55216K, committed 56128K, reserved 1105920K
  class space    used 5419K, committed 5824K, reserved 1048576K
}
Event: 13,190 GC heap before
{Heap before GC invocations=21 (full 0):
 garbage-first heap   total 86016K, used 68409K [0x00000000c0000000, 0x0000000100000000)
  region size 1024K, 29 young (29696K), 3 survivors (3072K)
 Metaspace       used 55716K, committed 56640K, reserved 1105920K
  class space    used 5457K, committed 5888K, reserved 1048576K
}
Event: 13,194 GC heap after
{Heap after GC invocations=22 (full 0):
 garbage-first heap   total 86016K, used 42333K [0x00000000c0000000, 0x0000000100000000)
  region size 1024K, 3 young (3072K), 3 survivors (3072K)
 Metaspace       used 55716K, committed 56640K, reserved 1105920K
  class space    used 5457K, committed 5888K, reserved 1048576K
}
Event: 181,127 GC heap before
{Heap before GC invocations=23 (full 0):
 garbage-first heap   total 86016K, used 68957K [0x00000000c0000000, 0x0000000100000000)
  region size 1024K, 30 young (30720K), 3 survivors (3072K)
 Metaspace       used 57467K, committed 58368K, reserved 1105920K
  class space    used 5608K, committed 6016K, reserved 1048576K
}
Event: 181,131 GC heap after
{Heap after GC invocations=24 (full 0):
 garbage-first heap   total 86016K, used 43842K [0x00000000c0000000, 0x0000000100000000)
  region size 1024K, 3 young (3072K), 3 survivors (3072K)
 Metaspace       used 57467K, committed 58368K, reserved 1105920K
  class space    used 5608K, committed 6016K, reserved 1048576K
}

Deoptimization events (20 events):
Event: 185,425 Thread 0x00007fadfc000fc0 Uncommon trap: trap_request=0xffffffde fr.pc=0x00007faea02ab594 relative=0x0000000000000e74
Event: 185,425 Thread 0x00007fadfc000fc0 Uncommon trap: reason=class_check action=maybe_recompile pc=0x00007faea02ab594 method=java.util.concurrent.ConcurrentHashMap.putVal(Ljava/lang/Object;Ljava/lang/Object;Z)Ljava/lang/Object; @ 159 c2
Event: 185,425 Thread 0x00007fadfc000fc0 DEOPT PACKING pc=0x00007faea02ab594 sp=0x00007fae0f1fbab0
Event: 185,425 Thread 0x00007fadfc000fc0 DEOPT UNPACKING pc=0x00007fae98738424 sp=0x00007fae0f1fba30 mode 2
Event: 185,429 Thread 0x00007fadfc000fc0 Uncommon trap: trap_request=0xffffffde fr.pc=0x00007faea02ab650 relative=0x0000000000000f30
Event: 185,429 Thread 0x00007fadfc000fc0 Uncommon trap: reason=class_check action=maybe_recompile pc=0x00007faea02ab650 method=java.util.concurrent.ConcurrentHashMap.putVal(Ljava/lang/Object;Ljava/lang/Object;Z)Ljava/lang/Object; @ 242 c2
Event: 185,429 Thread 0x00007fadfc000fc0 DEOPT PACKING pc=0x00007faea02ab650 sp=0x00007fae0f1fbed0
Event: 185,429 Thread 0x00007fadfc000fc0 DEOPT UNPACKING pc=0x00007fae98738424 sp=0x00007fae0f1fbe40 mode 2
Event: 185,454 Thread 0x00007fadfc000fc0 DEOPT PACKING pc=0x00007fae999806c3 sp=0x00007fae0f1fb010
Event: 185,454 Thread 0x00007fadfc000fc0 DEOPT UNPACKING pc=0x00007fae98738bba sp=0x00007fae0f1fa6d8 mode 0
Event: 185,480 Thread 0x00007fadfc000fc0 DEOPT PACKING pc=0x00007fae999806c3 sp=0x00007fae0f1fb1a0
Event: 185,480 Thread 0x00007fadfc000fc0 DEOPT UNPACKING pc=0x00007fae98738bba sp=0x00007fae0f1fa868 mode 0
Event: 185,507 Thread 0x00007fadfc000fc0 DEOPT PACKING pc=0x00007fae999806c3 sp=0x00007fae0f1fae20
Event: 185,507 Thread 0x00007fadfc000fc0 DEOPT UNPACKING pc=0x00007fae98738bba sp=0x00007fae0f1fa4e8 mode 0
Event: 185,522 Thread 0x00007fadfc000fc0 DEOPT PACKING pc=0x00007fae999806c3 sp=0x00007fae0f1fa8b0
Event: 185,522 Thread 0x00007fadfc000fc0 DEOPT UNPACKING pc=0x00007fae98738bba sp=0x00007fae0f1f9f78 mode 0
Event: 185,540 Thread 0x00007fadfc000fc0 DEOPT PACKING pc=0x00007fae999806c3 sp=0x00007fae0f1fb0e0
Event: 185,540 Thread 0x00007fadfc000fc0 DEOPT UNPACKING pc=0x00007fae98738bba sp=0x00007fae0f1fa7a8 mode 0
Event: 185,555 Thread 0x00007fadfc000fc0 DEOPT PACKING pc=0x00007fae999806c3 sp=0x00007fae0f1f9b00
Event: 185,555 Thread 0x00007fadfc000fc0 DEOPT UNPACKING pc=0x00007fae98738bba sp=0x00007fae0f1f91c8 mode 0

Classes unloaded (0 events):
No events

Classes redefined (0 events):
No events

Internal exceptions (20 events):
Event: 185,464 Thread 0x00007fadfc000fc0 Exception <a 'java/lang/ArrayIndexOutOfBoundsException'{0x00000000c4a9eb28}> (0x00000000c4a9eb28) 
thrown [src/hotspot/share/runtime/sharedRuntime.cpp, line 624]
Event: 185,465 Thread 0x00007fadfc000fc0 Exception <a 'java/lang/ArrayIndexOutOfBoundsException'{0x00000000c4aaecc0}> (0x00000000c4aaecc0) 
thrown [src/hotspot/share/runtime/sharedRuntime.cpp, line 624]
Event: 185,465 Thread 0x00007fadfc000fc0 Exception <a 'java/lang/ArrayIndexOutOfBoundsException'{0x00000000c4aaf1b8}> (0x00000000c4aaf1b8) 
thrown [src/hotspot/share/runtime/sharedRuntime.cpp, line 624]
Event: 185,466 Thread 0x00007fadfc000fc0 Exception <a 'java/lang/ArrayIndexOutOfBoundsException'{0x00000000c4abee88}> (0x00000000c4abee88) 
thrown [src/hotspot/share/runtime/sharedRuntime.cpp, line 624]
Event: 185,466 Thread 0x00007fadfc000fc0 Exception <a 'java/lang/ArrayIndexOutOfBoundsException'{0x00000000c4abf5c8}> (0x00000000c4abf5c8) 
thrown [src/hotspot/share/runtime/sharedRuntime.cpp, line 624]
Event: 185,466 Thread 0x00007fadfc000fc0 Exception <a 'java/lang/ArrayIndexOutOfBoundsException'{0x00000000c4abfac8}> (0x00000000c4abfac8) 
thrown [src/hotspot/share/runtime/sharedRuntime.cpp, line 624]
Event: 185,466 Thread 0x00007fadfc000fc0 Exception <a 'java/lang/ArrayIndexOutOfBoundsException'{0x00000000c4ac0118}> (0x00000000c4ac0118) 
thrown [src/hotspot/share/runtime/sharedRuntime.cpp, line 624]
Event: 185,518 Thread 0x00007fadfc000fc0 Exception <a 'java/lang/ArrayIndexOutOfBoundsException'{0x00000000c487a868}> (0x00000000c487a868) 
thrown [src/hotspot/share/runtime/sharedRuntime.cpp, line 624]
Event: 185,526 Thread 0x00007fadfc000fc0 Exception <a 'java/lang/ArrayIndexOutOfBoundsException'{0x00000000c48ed368}> (0x00000000c48ed368) 
thrown [src/hotspot/share/runtime/sharedRuntime.cpp, line 624]
Event: 185,526 Thread 0x00007fadfc000fc0 Exception <a 'java/lang/ArrayIndexOutOfBoundsException'{0x00000000c48ed940}> (0x00000000c48ed940) 
thrown [src/hotspot/share/runtime/sharedRuntime.cpp, line 624]
Event: 185,527 Thread 0x00007fadfc000fc0 Exception <a 'java/lang/ArrayIndexOutOfBoundsException'{0x00000000c4700c90}> (0x00000000c4700c90) 
thrown [src/hotspot/share/runtime/sharedRuntime.cpp, line 624]
Event: 185,528 Thread 0x00007fadfc000fc0 Exception <a 'java/lang/ArrayIndexOutOfBoundsException'{0x00000000c4701268}> (0x00000000c4701268) 
thrown [src/hotspot/share/runtime/sharedRuntime.cpp, line 624]
Event: 185,528 Thread 0x00007fadfc000fc0 Exception <a 'java/lang/ArrayIndexOutOfBoundsException'{0x00000000c4711078}> (0x00000000c4711078) 
thrown [src/hotspot/share/runtime/sharedRuntime.cpp, line 624]
Event: 185,529 Thread 0x00007fadfc000fc0 Exception <a 'java/lang/ArrayIndexOutOfBoundsException'{0x00000000c4711570}> (0x00000000c4711570) 
thrown [src/hotspot/share/runtime/sharedRuntime.cpp, line 624]
Event: 185,529 Thread 0x00007fadfc000fc0 Exception <a 'java/lang/ArrayIndexOutOfBoundsException'{0x00000000c4721898}> (0x00000000c4721898) 
thrown [src/hotspot/share/runtime/sharedRuntime.cpp, line 624]
Event: 185,529 Thread 0x00007fadfc000fc0 Exception <a 'java/lang/ArrayIndexOutOfBoundsException'{0x00000000c4721d90}> (0x00000000c4721d90) 
thrown [src/hotspot/share/runtime/sharedRuntime.cpp, line 624]
Event: 185,530 Thread 0x00007fadfc000fc0 Exception <a 'java/lang/ArrayIndexOutOfBoundsException'{0x00000000c4731a68}> (0x00000000c4731a68) 
thrown [src/hotspot/share/runtime/sharedRuntime.cpp, line 624]
Event: 185,530 Thread 0x00007fadfc000fc0 Exception <a 'java/lang/ArrayIndexOutOfBoundsException'{0x00000000c4731f68}> (0x00000000c4731f68) 
thrown [src/hotspot/share/runtime/sharedRuntime.cpp, line 624]
Event: 185,530 Thread 0x00007fadfc000fc0 Exception <a 'java/lang/ArrayIndexOutOfBoundsException'{0x00000000c4732468}> (0x00000000c4732468) 
thrown [src/hotspot/share/runtime/sharedRuntime.cpp, line 624]
Event: 185,530 Thread 0x00007fadfc000fc0 Exception <a 'java/lang/ArrayIndexOutOfBoundsException'{0x00000000c4732ab8}> (0x00000000c4732ab8) 
thrown [src/hotspot/share/runtime/sharedRuntime.cpp, line 624]

Events (20 events):
Event: 182,131 Executing  VM operation: Cleanup done
Event: 183,050 Thread 0x00007fae5c6f3230 Thread exited: 0x00007fae5c6f3230
Event: 183,051 Thread 0x00007fae5c6f1a20 Thread exited: 0x00007fae5c6f1a20
Event: 183,131 Executing  VM operation: Cleanup
Event: 183,132 Executing  VM operation: Cleanup done
Event: 184,132 Executing  VM operation: Cleanup
Event: 184,132 Executing  VM operation: Cleanup done
Event: 184,376 Thread 0x00007fae5c6f56a0 Thread added: 0x00007fae5c6f56a0
Event: 184,376 Protecting memory [0x00007fae0e0fd000,0x00007fae0e101000] with protection modes 0
Event: 184,832 Thread 0x00007fae5c6f56a0 Thread exited: 0x00007fae5c6f56a0
Event: 185,132 Executing  VM operation: Cleanup
Event: 185,132 Executing  VM operation: Cleanup done
Event: 185,303 Thread 0x00007fae5c63bb00 Thread added: 0x00007fae5c63bb00
Event: 185,303 Protecting memory [0x00007fae0e0fd000,0x00007fae0e101000] with protection modes 0
Event: 185,314 Thread 0x00007fae5c63dbc0 Thread added: 0x00007fae5c63dbc0
Event: 185,314 Protecting memory [0x00007fae0f2ff000,0x00007fae0f303000] with protection modes 0
Event: 185,427 Executing  VM operation: HandshakeAllThreads
Event: 185,427 Executing  VM operation: HandshakeAllThreads done
Event: 185,512 Executing  VM operation: ICBufferFull
Event: 185,512 Executing  VM operation: ICBufferFull done


Dynamic libraries:
c0000000-c4f00000 rw-p 00000000 00:00 0 
c4f00000-c5f00000 ---p 00000000 00:00 0 
c5f00000-c6200000 rw-p 00000000 00:00 0 
c6200000-c6500000 ---p 00000000 00:00 0 
c6500000-c6600000 rw-p 00000000 00:00 0 
c6600000-c7b00000 ---p 00000000 00:00 0 
c7b00000-c7c00000 rw-p 00000000 00:00 0 
c7c00000-100000000 ---p 00000000 00:00 0 
100000000-100020000 rw-p 00000000 00:00 0 
100020000-100040000 rw-p 00000000 00:00 0 
100040000-1000e0000 rw-p 00000000 00:00 0 
1000e0000-100140000 rw-p 00000000 00:00 0 
100140000-100200000 rw-p 00000000 00:00 0 
100200000-1002c0000 rw-p 00000000 00:00 0 
1002c0000-1002f0000 rw-p 00000000 00:00 0 
1002f0000-100300000 ---p 00000000 00:00 0 
100300000-100600000 rw-p 00000000 00:00 0 
100600000-140000000 ---p 00000000 00:00 0 
559f54a29000-559f54a2a000 r--p 00000000 08:07 10489787                   /usr/lib/jvm/java-16-openjdk/bin/java
559f54a2a000-559f54a2b000 r-xp 00001000 08:07 10489787                   /usr/lib/jvm/java-16-openjdk/bin/java
559f54a2b000-559f54a2c000 r--p 00002000 08:07 10489787                   /usr/lib/jvm/java-16-openjdk/bin/java
559f54a2c000-559f54a2d000 r--p 00002000 08:07 10489787                   /usr/lib/jvm/java-16-openjdk/bin/java
559f54a2d000-559f54a2e000 rw-p 00003000 08:07 10489787                   /usr/lib/jvm/java-16-openjdk/bin/java
559f5522c000-559f5524d000 rw-p 00000000 00:00 0                          [heap]
7fada0000000-7fada0021000 rw-p 00000000 00:00 0 
7fada0021000-7fada4000000 ---p 00000000 00:00 0 
7fada8000000-7fada8c1b000 rw-p 00000000 00:00 0 
7fada8c1b000-7fadac000000 ---p 00000000 00:00 0 
7fadac000000-7fadac0b3000 rw-p 00000000 00:00 0 
7fadac0b3000-7fadb0000000 ---p 00000000 00:00 0 
7fadb0000000-7fadb0021000 rw-p 00000000 00:00 0 
7fadb0021000-7fadb4000000 ---p 00000000 00:00 0 
7fadb4000000-7fadb4021000 rw-p 00000000 00:00 0 
7fadb4021000-7fadb8000000 ---p 00000000 00:00 0 
7fadb8000000-7fadb8021000 rw-p 00000000 00:00 0 
7fadb8021000-7fadbc000000 ---p 00000000 00:00 0 
7fadbc000000-7fadbc021000 rw-p 00000000 00:00 0 
7fadbc021000-7fadc0000000 ---p 00000000 00:00 0 
7fadc0000000-7fadc0021000 rw-p 00000000 00:00 0 
7fadc0021000-7fadc4000000 ---p 00000000 00:00 0 
7fadc6c00000-7fadc6f80000 rw-p 00000000 00:00 0 
7fadc6f80000-7fadc6f90000 rw-p 00000000 00:00 0 
7fadc6f90000-7fadc7000000 ---p 00000000 00:00 0 
7fadc7000000-7fadc7080000 rw-p 00000000 00:00 0 
7fadc7080000-7fadc7400000 ---p 00000000 00:00 0 
7fadc76eb000-7fadd0000000 r--s 00000000 08:07 10489861                   /usr/lib/jvm/java-16-openjdk/lib/modules
7fadd0000000-7fadd1aa2000 rw-p 00000000 00:00 0 
7fadd1aa2000-7fadd4000000 ---p 00000000 00:00 0 
7fadd4000000-7fadd5b21000 rw-p 00000000 00:00 0 
7fadd5b21000-7fadd8000000 ---p 00000000 00:00 0 
7fadd8000000-7fadd84e6000 rw-p 00000000 00:00 0 
7fadd84e6000-7faddc000000 ---p 00000000 00:00 0 
7faddc000000-7faddcd80000 rw-p 00000000 00:00 0 
7faddcd80000-7fade0000000 ---p 00000000 00:00 0 
7fade0000000-7fade0021000 rw-p 00000000 00:00 0 
7fade0021000-7fade4000000 ---p 00000000 00:00 0 
7fade4000000-7fade40fe000 rw-p 00000000 00:00 0 
7fade40fe000-7fade8000000 ---p 00000000 00:00 0 
7fade8000000-7fade85ce000 rw-p 00000000 00:00 0 
7fade85ce000-7fadec000000 ---p 00000000 00:00 0 
7fadec000000-7fadec548000 rw-p 00000000 00:00 0 
7fadec548000-7fadf0000000 ---p 00000000 00:00 0 
7fadf0000000-7fadf0050000 rw-p 00000000 00:00 0 
7fadf0050000-7fadf4000000 ---p 00000000 00:00 0 
7fadf4000000-7fadf4021000 rw-p 00000000 00:00 0 
7fadf4021000-7fadf8000000 ---p 00000000 00:00 0 
7fadf8000000-7fadfa08b000 rw-p 00000000 00:00 0 
7fadfa08b000-7fadfc000000 ---p 00000000 00:00 0 
7fadfc000000-7fadfc081000 rw-p 00000000 00:00 0 
7fadfc081000-7fae00000000 ---p 00000000 00:00 0 
7fae00000000-7fae00021000 rw-p 00000000 00:00 0 
7fae00021000-7fae04000000 ---p 00000000 00:00 0 
7fae04000000-7fae04021000 rw-p 00000000 00:00 0 
7fae04021000-7fae08000000 ---p 00000000 00:00 0 
7fae08000000-7fae08105000 rw-p 00000000 00:00 0 
7fae08105000-7fae0c000000 ---p 00000000 00:00 0 
7fae0c5fa000-7fae0c5fe000 ---p 00000000 00:00 0 
7fae0c5fe000-7fae0c6fb000 rw-p 00000000 00:00 0 
7fae0c6fb000-7fae0c6ff000 ---p 00000000 00:00 0 
7fae0c6ff000-7fae0c7fc000 rw-p 00000000 00:00 0 
7fae0c7fc000-7fae0c800000 ---p 00000000 00:00 0 
7fae0c800000-7fae0c8fd000 rw-p 00000000 00:00 0 
7fae0c8fd000-7fae0c901000 ---p 00000000 00:00 0 
7fae0c901000-7fae0c9fe000 rw-p 00000000 00:00 0 
7fae0c9fe000-7fae0ca02000 ---p 00000000 00:00 0 
7fae0ca02000-7fae0caff000 rw-p 00000000 00:00 0 
7fae0caff000-7fae0cb03000 ---p 00000000 00:00 0 
7fae0cb03000-7fae0d400000 rw-p 00000000 00:00 0 
7fae0d400000-7fae0dc00000 rw-p 00000000 00:00 0 
7fae0dcf9000-7fae0dcfd000 ---p 00000000 00:00 0 
7fae0dcfd000-7fae0ddfa000 rw-p 00000000 00:00 0 
7fae0ddfa000-7fae0ddfe000 ---p 00000000 00:00 0 
7fae0ddfe000-7fae0defb000 rw-p 00000000 00:00 0 
7fae0defb000-7fae0deff000 ---p 00000000 00:00 0 
7fae0deff000-7fae0dffc000 rw-p 00000000 00:00 0 
7fae0dffc000-7fae0e000000 ---p 00000000 00:00 0 
7fae0e000000-7fae0e0fd000 rw-p 00000000 00:00 0 
7fae0e0fd000-7fae0e101000 ---p 00000000 00:00 0 
7fae0e101000-7fae0e1fe000 rw-p 00000000 00:00 0 
7fae0e1fe000-7fae0e202000 ---p 00000000 00:00 0 
7fae0e202000-7fae0e2ff000 rw-p 00000000 00:00 0 
7fae0e2ff000-7fae0e303000 ---p 00000000 00:00 0 
7fae0e303000-7fae0e500000 rw-p 00000000 00:00 0 
7fae0e500000-7fae0e600000 rw-p 00000000 00:00 0 
7fae0e600000-7fae0e9c0000 rw-p 00000000 00:00 0 
7fae0e9c0000-7fae0ea00000 rw-p 00000000 00:00 0 
7fae0ea00000-7fae0eb00000 rw-p 00000000 00:00 0 
7fae0eb00000-7fae0ec00000 rw-p 00000000 00:00 0 
7fae0ecf9000-7fae0ecfd000 ---p 00000000 00:00 0 
7fae0ecfd000-7fae0edfa000 rw-p 00000000 00:00 0 
7fae0edfa000-7fae0edfe000 ---p 00000000 00:00 0 
7fae0edfe000-7fae0eefb000 rw-p 00000000 00:00 0 
7fae0eefb000-7fae0eeff000 ---p 00000000 00:00 0 
7fae0eeff000-7fae0effc000 rw-p 00000000 00:00 0 
7fae0effc000-7fae0f000000 ---p 00000000 00:00 0 
7fae0f000000-7fae0f0fd000 rw-p 00000000 00:00 0 
7fae0f0fd000-7fae0f101000 ---p 00000000 00:00 0 
7fae0f101000-7fae0f1fe000 rw-p 00000000 00:00 0 
7fae0f1fe000-7fae0f202000 ---p 00000000 00:00 0 
7fae0f202000-7fae0f2ff000 rw-p 00000000 00:00 0 
7fae0f2ff000-7fae0f303000 ---p 00000000 00:00 0 
7fae0f303000-7fae0f500000 rw-p 00000000 00:00 0 
7fae0f500000-7fae0f600000 rw-p 00000000 00:00 0 
7fae0f600000-7fae0fb00000 rw-p 00000000 00:00 0 
7fae0fb00000-7fae0fc00000 rw-p 00000000 00:00 0 
7fae0fcfb000-7fae0fcfc000 ---p 00000000 00:00 0 
7fae0fcfc000-7fae0fdfd000 rw-p 00000000 00:00 0 
7fae0fdfd000-7fae0fdfe000 ---p 00000000 00:00 0 
7fae0fdfe000-7fae0feff000 rw-p 00000000 00:00 0 
7fae0feff000-7fae0ff03000 ---p 00000000 00:00 0 
7fae0ff03000-7fae10000000 rw-p 00000000 00:00 0 
7fae10000000-7fae10021000 rw-p 00000000 00:00 0 
7fae10021000-7fae14000000 ---p 00000000 00:00 0 
7fae14000000-7fae14021000 rw-p 00000000 00:00 0 
7fae14021000-7fae18000000 ---p 00000000 00:00 0 
7fae18000000-7fae18021000 rw-p 00000000 00:00 0 
7fae18021000-7fae1c000000 ---p 00000000 00:00 0 
7fae1c000000-7fae1c021000 rw-p 00000000 00:00 0 
7fae1c021000-7fae20000000 ---p 00000000 00:00 0 
7fae20000000-7fae20021000 rw-p 00000000 00:00 0 
7fae20021000-7fae24000000 ---p 00000000 00:00 0 
7fae24000000-7fae24021000 rw-p 00000000 00:00 0 
7fae24021000-7fae28000000 ---p 00000000 00:00 0 
7fae28000000-7fae28021000 rw-p 00000000 00:00 0 
7fae28021000-7fae2c000000 ---p 00000000 00:00 0 
7fae2c000000-7fae2c021000 rw-p 00000000 00:00 0 
7fae2c021000-7fae30000000 ---p 00000000 00:00 0 
7fae30000000-7fae309df000 rw-p 00000000 00:00 0 
7fae309df000-7fae34000000 ---p 00000000 00:00 0 
7fae34000000-7fae34021000 rw-p 00000000 00:00 0 
7fae34021000-7fae38000000 ---p 00000000 00:00 0 
7fae38000000-7fae380d5000 rw-p 00000000 00:00 0 
7fae380d5000-7fae3c000000 ---p 00000000 00:00 0 
7fae3c000000-7fae3c021000 rw-p 00000000 00:00 0 
7fae3c021000-7fae40000000 ---p 00000000 00:00 0 
7fae40000000-7fae40021000 rw-p 00000000 00:00 0 
7fae40021000-7fae44000000 ---p 00000000 00:00 0 
7fae44000000-7fae44377000 rw-p 00000000 00:00 0 
7fae44377000-7fae48000000 ---p 00000000 00:00 0 
7fae48000000-7fae48021000 rw-p 00000000 00:00 0 
7fae48021000-7fae4c000000 ---p 00000000 00:00 0 
7fae4c000000-7fae4c021000 rw-p 00000000 00:00 0 
7fae4c021000-7fae50000000 ---p 00000000 00:00 0 
7fae50000000-7fae50021000 rw-p 00000000 00:00 0 
7fae50021000-7fae54000000 ---p 00000000 00:00 0 
7fae54000000-7fae54021000 rw-p 00000000 00:00 0 
7fae54021000-7fae58000000 ---p 00000000 00:00 0 
7fae58000000-7fae5a068000 rw-p 00000000 00:00 0 
7fae5a068000-7fae5c000000 ---p 00000000 00:00 0 
7fae5c000000-7fae5caf8000 rw-p 00000000 00:00 0 
7fae5caf8000-7fae60000000 ---p 00000000 00:00 0 
7fae60000000-7fae60021000 rw-p 00000000 00:00 0 
7fae60021000-7fae64000000 ---p 00000000 00:00 0 
7fae64000000-7fae64021000 rw-p 00000000 00:00 0 
7fae64021000-7fae68000000 ---p 00000000 00:00 0 
7fae68000000-7fae68021000 rw-p 00000000 00:00 0 
7fae68021000-7fae6c000000 ---p 00000000 00:00 0 
7fae6c000000-7fae6c021000 rw-p 00000000 00:00 0 
7fae6c021000-7fae70000000 ---p 00000000 00:00 0 
7fae70000000-7fae70108000 rw-p 00000000 00:00 0 
7fae70108000-7fae74000000 ---p 00000000 00:00 0 
7fae74000000-7fae74021000 rw-p 00000000 00:00 0 
7fae74021000-7fae78000000 ---p 00000000 00:00 0 
7fae78000000-7fae78021000 rw-p 00000000 00:00 0 
7fae78021000-7fae7c000000 ---p 00000000 00:00 0 
7fae7c000000-7fae7c29e000 rw-p 00000000 00:00 0 
7fae7c29e000-7fae80000000 ---p 00000000 00:00 0 
7fae80000000-7fae80021000 rw-p 00000000 00:00 0 
7fae80021000-7fae84000000 ---p 00000000 00:00 0 
7fae840da000-7fae840de000 ---p 00000000 00:00 0 
7fae840de000-7fae841db000 rw-p 00000000 00:00 0 
7fae841db000-7fae841eb000 r-xp 00000000 08:08 5506858                    /home/esteban/.config/coc/extensions/coc-java-data/server/config_linux/org.eclipse.equinox.launcher/org.eclipse.equinox.launcher.gtk.linux.x86_64_1.2.300.v20210622-1446/eclipse_11501.so
7fae841eb000-7fae843ea000 ---p 00010000 08:08 5506858                    /home/esteban/.config/coc/extensions/coc-java-data/server/config_linux/org.eclipse.equinox.launcher/org.eclipse.equinox.launcher.gtk.linux.x86_64_1.2.300.v20210622-1446/eclipse_11501.so
7fae843ea000-7fae843eb000 r--p 0000f000 08:08 5506858                    /home/esteban/.config/coc/extensions/coc-java-data/server/config_linux/org.eclipse.equinox.launcher/org.eclipse.equinox.launcher.gtk.linux.x86_64_1.2.300.v20210622-1446/eclipse_11501.so
7fae843eb000-7fae843ec000 rw-p 00010000 08:08 5506858                    /home/esteban/.config/coc/extensions/coc-java-data/server/config_linux/org.eclipse.equinox.launcher/org.eclipse.equinox.launcher.gtk.linux.x86_64_1.2.300.v20210622-1446/eclipse_11501.so
7fae843ec000-7fae843ed000 ---p 00000000 00:00 0 
7fae843ed000-7fae844ee000 rw-p 00000000 00:00 0 
7fae844ee000-7fae844ef000 ---p 00000000 00:00 0 
7fae844ef000-7fae845f0000 rw-p 00000000 00:00 0 
7fae845f0000-7fae845f1000 ---p 00000000 00:00 0 
7fae845f1000-7fae846f2000 rw-p 00000000 00:00 0 
7fae846f2000-7fae846f3000 ---p 00000000 00:00 0 
7fae846f3000-7fae847f4000 rw-p 00000000 00:00 0 
7fae847f4000-7fae847f5000 ---p 00000000 00:00 0 
7fae847f5000-7fae848f6000 rw-p 00000000 00:00 0 
7fae848f6000-7fae848f7000 ---p 00000000 00:00 0 
7fae848f7000-7fae849f8000 rw-p 00000000 00:00 0 
7fae849f8000-7fae849f9000 ---p 00000000 00:00 0 
7fae849f9000-7fae84afa000 rw-p 00000000 00:00 0 
7fae84afa000-7fae84afb000 ---p 00000000 00:00 0 
7fae84afb000-7fae84bfc000 rw-p 00000000 00:00 0 
7fae84bfc000-7fae84c00000 ---p 00000000 00:00 0 
7fae84c00000-7fae84cfd000 rw-p 00000000 00:00 0 
7fae84cfd000-7fae84d01000 ---p 00000000 00:00 0 
7fae84d01000-7fae84dfe000 rw-p 00000000 00:00 0 
7fae84dfe000-7fae84e02000 ---p 00000000 00:00 0 
7fae84e02000-7fae84eff000 rw-p 00000000 00:00 0 
7fae84eff000-7fae84f03000 ---p 00000000 00:00 0 
7fae84f03000-7fae85080000 rw-p 00000000 00:00 0 
7fae85080000-7fae85100000 rw-p 00000000 00:00 0 
7fae85100000-7fae85300000 rw-p 00000000 00:00 0 
7fae85300000-7fae85400000 rw-p 00000000 00:00 0 
7fae85400000-7fae85540000 rw-p 00000000 00:00 0 
7fae85540000-7fae85580000 rw-p 00000000 00:00 0 
7fae85580000-7fae85700000 rw-p 00000000 00:00 0 
7fae85700000-7fae85800000 rw-p 00000000 00:00 0 
7fae858f8000-7fae858f9000 ---p 00000000 00:00 0 
7fae858f9000-7fae859fa000 rw-p 00000000 00:00 0 
7fae859fa000-7fae859fe000 ---p 00000000 00:00 0 
7fae859fe000-7fae85afb000 rw-p 00000000 00:00 0 
7fae85afb000-7fae85aff000 ---p 00000000 00:00 0 
7fae85aff000-7fae85bfc000 rw-p 00000000 00:00 0 
7fae85bfc000-7fae85c00000 ---p 00000000 00:00 0 
7fae85c00000-7fae85cfd000 rw-p 00000000 00:00 0 
7fae85cfd000-7fae85d01000 ---p 00000000 00:00 0 
7fae85d01000-7fae85dfe000 rw-p 00000000 00:00 0 
7fae85dfe000-7fae85e02000 ---p 00000000 00:00 0 
7fae85e02000-7fae85eff000 rw-p 00000000 00:00 0 
7fae85eff000-7fae85f03000 ---p 00000000 00:00 0 
7fae85f03000-7fae88000000 rw-p 00000000 00:00 0 
7fae88000000-7fae88021000 rw-p 00000000 00:00 0 
7fae88021000-7fae8c000000 ---p 00000000 00:00 0 
7fae8c000000-7fae8c02c000 rw-p 00000000 00:00 0 
7fae8c02c000-7fae90000000 ---p 00000000 00:00 0 
7fae90000000-7fae90021000 rw-p 00000000 00:00 0 
7fae90021000-7fae94000000 ---p 00000000 00:00 0 
7fae94013000-7fae94017000 ---p 00000000 00:00 0 
7fae94017000-7fae94114000 rw-p 00000000 00:00 0 
7fae94114000-7fae94118000 ---p 00000000 00:00 0 
7fae94118000-7fae94215000 rw-p 00000000 00:00 0 
7fae94215000-7fae944fc000 r--p 00000000 08:07 9328474                    /usr/lib/locale/locale-archive
7fae944fc000-7fae94500000 ---p 00000000 00:00 0 
7fae94500000-7fae945fd000 rw-p 00000000 00:00 0 
7fae945fd000-7fae94601000 ---p 00000000 00:00 0 
7fae94601000-7fae946fe000 rw-p 00000000 00:00 0 
7fae946fe000-7fae946ff000 ---p 00000000 00:00 0 
7fae946ff000-7fae94d00000 rw-p 00000000 00:00 0 
7fae94d00000-7fae94d20000 rw-p 00000000 00:00 0 
7fae94d20000-7fae94d40000 rw-p 00000000 00:00 0 
7fae94d40000-7fae94d80000 rw-p 00000000 00:00 0 
7fae94d80000-7fae95000000 rw-p 00000000 00:00 0 
7fae9509f000-7fae950a3000 ---p 00000000 00:00 0 
7fae950a3000-7fae950c1000 rw-p 00000000 00:00 0 
7fae950c1000-7fae950e2000 r--p 00000000 08:07 9310264                    /usr/share/locale/es/LC_MESSAGES/libc.mo
7fae950e2000-7fae950e6000 r--p 00000000 08:07 10489848                   /usr/lib/jvm/java-16-openjdk/lib/libnet.so
7fae950e6000-7fae950f4000 r-xp 00004000 08:07 10489848                   /usr/lib/jvm/java-16-openjdk/lib/libnet.so
7fae950f4000-7fae950f8000 r--p 00012000 08:07 10489848                   /usr/lib/jvm/java-16-openjdk/lib/libnet.so
7fae950f8000-7fae950f9000 r--p 00015000 08:07 10489848                   /usr/lib/jvm/java-16-openjdk/lib/libnet.so
7fae950f9000-7fae950fa000 rw-p 00016000 08:07 10489848                   /usr/lib/jvm/java-16-openjdk/lib/libnet.so
7fae950fa000-7fae951d6000 rw-p 00000000 00:00 0 
7fae951d6000-7fae951d7000 ---p 00000000 00:00 0 
7fae951d7000-7fae952d8000 rw-p 00000000 00:00 0 
7fae952d8000-7fae952d9000 ---p 00000000 00:00 0 
7fae952d9000-7fae953da000 rw-p 00000000 00:00 0 
7fae953da000-7fae953db000 ---p 00000000 00:00 0 
7fae953db000-7fae95ce4000 rw-p 00000000 00:00 0 
7fae95ce4000-7fae95ce5000 ---p 00000000 00:00 0 
7fae95ce5000-7fae95de6000 rw-p 00000000 00:00 0 
7fae95de6000-7fae95de7000 ---p 00000000 00:00 0 
7fae95de7000-7fae95ee8000 rw-p 00000000 00:00 0 
7fae95ee8000-7fae95ee9000 ---p 00000000 00:00 0 
7fae95ee9000-7fae96126000 rw-p 00000000 00:00 0 
7fae96126000-7fae96166000 ---p 00000000 00:00 0 
7fae96166000-7fae96172000 rw-p 00000000 00:00 0 
7fae96172000-7fae9617e000 ---p 00000000 00:00 0 
7fae9617e000-7fae96182000 rw-p 00000000 00:00 0 
7fae96182000-7fae961d6000 ---p 00000000 00:00 0 
7fae961d6000-7fae961da000 rw-p 00000000 00:00 0 
7fae961da000-7fae96fea000 ---p 00000000 00:00 0 
7fae96fea000-7fae97126000 rw-p 00000000 00:00 0 
7fae97126000-7fae97166000 ---p 00000000 00:00 0 
7fae97166000-7fae97172000 rw-p 00000000 00:00 0 
7fae97172000-7fae9717e000 ---p 00000000 00:00 0 
7fae9717e000-7fae97182000 rw-p 00000000 00:00 0 
7fae97182000-7fae971d6000 ---p 00000000 00:00 0 
7fae971d6000-7fae971da000 rw-p 00000000 00:00 0 
7fae971da000-7fae97fea000 ---p 00000000 00:00 0 
7fae97fea000-7fae98012000 rw-p 00000000 00:00 0 
7fae98012000-7fae98019000 ---p 00000000 00:00 0 
7fae98019000-7fae9801b000 rw-p 00000000 00:00 0 
7fae9801b000-7fae9801c000 ---p 00000000 00:00 0 
7fae9801c000-7fae9801d000 rw-p 00000000 00:00 0 
7fae9801d000-7fae98027000 ---p 00000000 00:00 0 
7fae98027000-7fae98028000 rw-p 00000000 00:00 0 
7fae98028000-7fae981ea000 ---p 00000000 00:00 0 
7fae981ea000-7fae98212000 rw-p 00000000 00:00 0 
7fae98212000-7fae98219000 ---p 00000000 00:00 0 
7fae98219000-7fae9821b000 rw-p 00000000 00:00 0 
7fae9821b000-7fae9821c000 ---p 00000000 00:00 0 
7fae9821c000-7fae9821d000 rw-p 00000000 00:00 0 
7fae9821d000-7fae98227000 ---p 00000000 00:00 0 
7fae98227000-7fae98228000 rw-p 00000000 00:00 0 
7fae98228000-7fae983ea000 ---p 00000000 00:00 0 
7fae983ea000-7fae98412000 rw-p 00000000 00:00 0 
7fae98412000-7fae98419000 ---p 00000000 00:00 0 
7fae98419000-7fae9841b000 rw-p 00000000 00:00 0 
7fae9841b000-7fae9841c000 ---p 00000000 00:00 0 
7fae9841c000-7fae9841d000 rw-p 00000000 00:00 0 
7fae9841d000-7fae98427000 ---p 00000000 00:00 0 
7fae98427000-7fae98428000 rw-p 00000000 00:00 0 
7fae98428000-7fae985ea000 ---p 00000000 00:00 0 
7fae985ea000-7fae986eb000 rw-p 00000000 00:00 0 
7fae986eb000-7fae9895b000 rwxp 00000000 00:00 0 
7fae9895b000-7fae98c7d000 ---p 00000000 00:00 0 
7fae98c7d000-7fae99acd000 rwxp 00000000 00:00 0 
7fae99acd000-7faea01b4000 ---p 00000000 00:00 0 
7faea01b4000-7faea05f4000 rwxp 00000000 00:00 0 
7faea05f4000-7faea76eb000 ---p 00000000 00:00 0 
7faea76eb000-7faeb0000000 r--s 00000000 08:07 10489861                   /usr/lib/jvm/java-16-openjdk/lib/modules
7faeb0000000-7faeb060f000 rw-p 00000000 00:00 0 
7faeb060f000-7faeb4000000 ---p 00000000 00:00 0 
7faeb4007000-7faeb400d000 r--p 00000000 08:07 10489850                   /usr/lib/jvm/java-16-openjdk/lib/libnio.so
7faeb400d000-7faeb4015000 r-xp 00006000 08:07 10489850                   /usr/lib/jvm/java-16-openjdk/lib/libnio.so
7faeb4015000-7faeb4019000 r--p 0000e000 08:07 10489850                   /usr/lib/jvm/java-16-openjdk/lib/libnio.so
7faeb4019000-7faeb401a000 ---p 00012000 08:07 10489850                   /usr/lib/jvm/java-16-openjdk/lib/libnio.so
7faeb401a000-7faeb401b000 r--p 00012000 08:07 10489850                   /usr/lib/jvm/java-16-openjdk/lib/libnio.so
7faeb401b000-7faeb401c000 rw-p 00013000 08:07 10489850                   /usr/lib/jvm/java-16-openjdk/lib/libnio.so
7faeb401c000-7faeb47b0000 rw-p 00000000 00:00 0 
7faeb47b0000-7faeb4892000 ---p 00000000 00:00 0 
7faeb4892000-7faeb48af000 rw-p 00000000 00:00 0 
7faeb48af000-7faeb497d000 ---p 00000000 00:00 0 
7faeb497d000-7faeb4989000 r--p 00000000 08:07 10489827                   /usr/lib/jvm/java-16-openjdk/lib/libjava.so
7faeb4989000-7faeb499b000 r-xp 0000c000 08:07 10489827                   /usr/lib/jvm/java-16-openjdk/lib/libjava.so
7faeb499b000-7faeb49a1000 r--p 0001e000 08:07 10489827                   /usr/lib/jvm/java-16-openjdk/lib/libjava.so
7faeb49a1000-7faeb49a2000 r--p 00023000 08:07 10489827                   /usr/lib/jvm/java-16-openjdk/lib/libjava.so
7faeb49a2000-7faeb49a3000 rw-p 00024000 08:07 10489827                   /usr/lib/jvm/java-16-openjdk/lib/libjava.so
7faeb49a3000-7faeb49a4000 rw-p 00000000 00:00 0 
7faeb49a4000-7faeb49a7000 r--p 00000000 08:07 9309593                    /usr/lib/libnss_files-2.33.so
7faeb49a7000-7faeb49ae000 r-xp 00003000 08:07 9309593                    /usr/lib/libnss_files-2.33.so
7faeb49ae000-7faeb49b0000 r--p 0000a000 08:07 9309593                    /usr/lib/libnss_files-2.33.so
7faeb49b0000-7faeb49b1000 r--p 0000b000 08:07 9309593                    /usr/lib/libnss_files-2.33.so
7faeb49b1000-7faeb49b2000 rw-p 0000c000 08:07 9309593                    /usr/lib/libnss_files-2.33.so
7faeb49b2000-7faeb49b8000 rw-p 00000000 00:00 0 
7faeb49bb000-7faeb49bd000 r--p 00000000 08:07 10489860                   /usr/lib/jvm/java-16-openjdk/lib/libzip.so
7faeb49bd000-7faeb49c1000 r-xp 00002000 08:07 10489860                   /usr/lib/jvm/java-16-openjdk/lib/libzip.so
7faeb49c1000-7faeb49c3000 r--p 00006000 08:07 10489860                   /usr/lib/jvm/java-16-openjdk/lib/libzip.so
7faeb49c3000-7faeb49c4000 r--p 00007000 08:07 10489860                   /usr/lib/jvm/java-16-openjdk/lib/libzip.so
7faeb49c4000-7faeb49c5000 rw-p 00008000 08:07 10489860                   /usr/lib/jvm/java-16-openjdk/lib/libzip.so
7faeb49c5000-7faeb49ca000 rw-p 00000000 00:00 0 
7faeb49ca000-7faeb49d1000 ---p 00000000 00:00 0 
7faeb49d1000-7faeb49d5000 ---p 00000000 00:00 0 
7faeb49d5000-7faeb4ad2000 rw-p 00000000 00:00 0 
7faeb4ad2000-7faeb4ad5000 r--p 00000000 08:07 9310354                    /usr/lib/libgcc_s.so.1
7faeb4ad5000-7faeb4ae7000 r-xp 00003000 08:07 9310354                    /usr/lib/libgcc_s.so.1
7faeb4ae7000-7faeb4aea000 r--p 00015000 08:07 9310354                    /usr/lib/libgcc_s.so.1
7faeb4aea000-7faeb4aeb000 ---p 00018000 08:07 9310354                    /usr/lib/libgcc_s.so.1
7faeb4aeb000-7faeb4aec000 r--p 00018000 08:07 9310354                    /usr/lib/libgcc_s.so.1
7faeb4aec000-7faeb4aed000 rw-p 00019000 08:07 9310354                    /usr/lib/libgcc_s.so.1
7faeb4aed000-7faeb4afc000 r--p 00000000 08:07 9309572                    /usr/lib/libm-2.33.so
7faeb4afc000-7faeb4b96000 r-xp 0000f000 08:07 9309572                    /usr/lib/libm-2.33.so
7faeb4b96000-7faeb4c2e000 r--p 000a9000 08:07 9309572                    /usr/lib/libm-2.33.so
7faeb4c2e000-7faeb4c2f000 ---p 00141000 08:07 9309572                    /usr/lib/libm-2.33.so
7faeb4c2f000-7faeb4c30000 r--p 00141000 08:07 9309572                    /usr/lib/libm-2.33.so
7faeb4c30000-7faeb4c31000 rw-p 00142000 08:07 9309572                    /usr/lib/libm-2.33.so
7faeb4c31000-7faeb4cca000 r--p 00000000 08:07 9310384                    /usr/lib/libstdc++.so.6.0.29
7faeb4cca000-7faeb4dca000 r-xp 00099000 08:07 9310384                    /usr/lib/libstdc++.so.6.0.29
7faeb4dca000-7faeb4e36000 r--p 00199000 08:07 9310384                    /usr/lib/libstdc++.so.6.0.29
7faeb4e36000-7faeb4e43000 r--p 00204000 08:07 9310384                    /usr/lib/libstdc++.so.6.0.29
7faeb4e43000-7faeb4e44000 rw-p 00211000 08:07 9310384                    /usr/lib/libstdc++.so.6.0.29
7faeb4e44000-7faeb4e47000 rw-p 00000000 00:00 0 
7faeb4e47000-7faeb508b000 r--p 00000000 08:07 10756187                   /usr/lib/jvm/java-16-openjdk/lib/server/libjvm.so
7faeb508b000-7faeb5dbb000 r-xp 00244000 08:07 10756187                   /usr/lib/jvm/java-16-openjdk/lib/server/libjvm.so
7faeb5dbb000-7faeb6035000 r--p 00f74000 08:07 10756187                   /usr/lib/jvm/java-16-openjdk/lib/server/libjvm.so
7faeb6035000-7faeb60e9000 r--p 011ed000 08:07 10756187                   /usr/lib/jvm/java-16-openjdk/lib/server/libjvm.so
7faeb60e9000-7faeb611d000 rw-p 012a1000 08:07 10756187                   /usr/lib/jvm/java-16-openjdk/lib/server/libjvm.so
7faeb611d000-7faeb617a000 rw-p 00000000 00:00 0 
7faeb617a000-7faeb6181000 r--p 00000000 08:07 9309600                    /usr/lib/libpthread-2.33.so
7faeb6181000-7faeb6190000 r-xp 00007000 08:07 9309600                    /usr/lib/libpthread-2.33.so
7faeb6190000-7faeb6194000 r--p 00016000 08:07 9309600                    /usr/lib/libpthread-2.33.so
7faeb6194000-7faeb6195000 ---p 0001a000 08:07 9309600                    /usr/lib/libpthread-2.33.so
7faeb6195000-7faeb6196000 r--p 0001a000 08:07 9309600                    /usr/lib/libpthread-2.33.so
7faeb6196000-7faeb6197000 rw-p 0001b000 08:07 9309600                    /usr/lib/libpthread-2.33.so
7faeb6197000-7faeb619b000 rw-p 00000000 00:00 0 
7faeb619b000-7faeb619d000 r--p 00000000 08:07 9309566                    /usr/lib/libdl-2.33.so
7faeb619d000-7faeb619f000 r-xp 00002000 08:07 9309566                    /usr/lib/libdl-2.33.so
7faeb619f000-7faeb61a0000 r--p 00004000 08:07 9309566                    /usr/lib/libdl-2.33.so
7faeb61a0000-7faeb61a1000 r--p 00004000 08:07 9309566                    /usr/lib/libdl-2.33.so
7faeb61a1000-7faeb61a2000 rw-p 00005000 08:07 9309566                    /usr/lib/libdl-2.33.so
7faeb61a2000-7faeb61a5000 r--p 00000000 08:07 9319385                    /usr/lib/libz.so.1.2.11
7faeb61a5000-7faeb61b3000 r-xp 00003000 08:07 9319385                    /usr/lib/libz.so.1.2.11
7faeb61b3000-7faeb61b9000 r--p 00011000 08:07 9319385                    /usr/lib/libz.so.1.2.11
7faeb61b9000-7faeb61ba000 ---p 00017000 08:07 9319385                    /usr/lib/libz.so.1.2.11
7faeb61ba000-7faeb61bb000 r--p 00017000 08:07 9319385                    /usr/lib/libz.so.1.2.11
7faeb61bb000-7faeb61bc000 rw-p 00018000 08:07 9319385                    /usr/lib/libz.so.1.2.11
7faeb61bc000-7faeb61e2000 r--p 00000000 08:07 9309559                    /usr/lib/libc-2.33.so
7faeb61e2000-7faeb632d000 r-xp 00026000 08:07 9309559                    /usr/lib/libc-2.33.so
7faeb632d000-7faeb6379000 r--p 00171000 08:07 9309559                    /usr/lib/libc-2.33.so
7faeb6379000-7faeb637c000 r--p 001bc000 08:07 9309559                    /usr/lib/libc-2.33.so
7faeb637c000-7faeb637f000 rw-p 001bf000 08:07 9309559                    /usr/lib/libc-2.33.so
7faeb637f000-7faeb6388000 rw-p 00000000 00:00 0 
7faeb638d000-7faeb6395000 rw-s 00000000 00:22 215                        /tmp/hsperfdata_esteban/3576
7faeb6395000-7faeb6396000 ---p 00000000 00:00 0 
7faeb6396000-7faeb6397000 r--p 00000000 00:00 0 
7faeb6397000-7faeb6398000 ---p 00000000 00:00 0 
7faeb6398000-7faeb639a000 r--p 00000000 08:07 10489832                   /usr/lib/jvm/java-16-openjdk/lib/libjimage.so
7faeb639a000-7faeb639d000 r-xp 00002000 08:07 10489832                   /usr/lib/jvm/java-16-openjdk/lib/libjimage.so
7faeb639d000-7faeb639e000 r--p 00005000 08:07 10489832                   /usr/lib/jvm/java-16-openjdk/lib/libjimage.so
7faeb639e000-7faeb639f000 ---p 00006000 08:07 10489832                   /usr/lib/jvm/java-16-openjdk/lib/libjimage.so
7faeb639f000-7faeb63a0000 r--p 00006000 08:07 10489832                   /usr/lib/jvm/java-16-openjdk/lib/libjimage.so
7faeb63a0000-7faeb63a1000 rw-p 00007000 08:07 10489832                   /usr/lib/jvm/java-16-openjdk/lib/libjimage.so
7faeb63a1000-7faeb63a3000 r--p 00000000 08:07 10489834                   /usr/lib/jvm/java-16-openjdk/lib/libjli.so
7faeb63a3000-7faeb63ac000 r-xp 00002000 08:07 10489834                   /usr/lib/jvm/java-16-openjdk/lib/libjli.so
7faeb63ac000-7faeb63af000 r--p 0000b000 08:07 10489834                   /usr/lib/jvm/java-16-openjdk/lib/libjli.so
7faeb63af000-7faeb63b0000 ---p 0000e000 08:07 10489834                   /usr/lib/jvm/java-16-openjdk/lib/libjli.so
7faeb63b0000-7faeb63b1000 r--p 0000e000 08:07 10489834                   /usr/lib/jvm/java-16-openjdk/lib/libjli.so
7faeb63b1000-7faeb63b2000 rw-p 0000f000 08:07 10489834                   /usr/lib/jvm/java-16-openjdk/lib/libjli.so
7faeb63b2000-7faeb63b4000 rw-p 00000000 00:00 0 
7faeb63b4000-7faeb63b5000 r--p 00000000 08:07 9309548                    /usr/lib/ld-2.33.so
7faeb63b5000-7faeb63d9000 r-xp 00001000 08:07 9309548                    /usr/lib/ld-2.33.so
7faeb63d9000-7faeb63e2000 r--p 00025000 08:07 9309548                    /usr/lib/ld-2.33.so
7faeb63e2000-7faeb63e4000 r--p 0002d000 08:07 9309548                    /usr/lib/ld-2.33.so
7faeb63e4000-7faeb63e6000 rw-p 0002f000 08:07 9309548                    /usr/lib/ld-2.33.so
7ffe29202000-7ffe29223000 rw-p 00000000 00:00 0                          [stack]
7ffe292a7000-7ffe292ab000 r--p 00000000 00:00 0                          [vvar]
7ffe292ab000-7ffe292ad000 r-xp 00000000 00:00 0                          [vdso]
ffffffffff600000-ffffffffff601000 --xp 00000000 00:00 0                  [vsyscall]


VM Arguments:
jvm_args: --add-modules=ALL-SYSTEM --add-opens=java.base/java.util=ALL-UNNAMED --add-opens=java.base/java.lang=ALL-UNNAMED -Declipse.application=org.eclipse.jdt.ls.core.id1 -Dosgi.bundles.defaultStartLevel=4 -Declipse.product=org.eclipse.jdt.ls.core.product -Xverify:none -Xmx1G -XX:+UseG1GC -XX:+UseStringDeduplication 
java_command: /home/esteban/.config/coc/extensions/coc-java-data/server/plugins/org.eclipse.equinox.launcher_1.6.200.v20210416-2027.jar -configuration /home/esteban/.config/coc/extensions/coc-java-data/server/config_linux -data /home/esteban/.config/coc/extensions/coc-java-data/jdt_ws_ab230784eb909cbc71483b978968e27b
java_class_path (initial): /home/esteban/.config/coc/extensions/coc-java-data/server/plugins/org.eclipse.equinox.launcher_1.6.200.v20210416-2027.jar
Launcher Type: SUN_STANDARD

[Global flags]
     intx CICompilerCount                          = 4                                         {product} {ergonomic}
     uint ConcGCThreads                            = 2                                         {product} {ergonomic}
     uint G1ConcRefinementThreads                  = 8                                         {product} {ergonomic}
   size_t G1HeapRegionSize                         = 1048576                                   {product} {ergonomic}
    uintx GCDrainStackTargetSize                   = 64                                        {product} {ergonomic}
   size_t InitialHeapSize                          = 130023424                                 {product} {ergonomic}
   size_t MarkStackSize                            = 4194304                                   {product} {ergonomic}
   size_t MaxHeapSize                              = 1073741824                                {product} {command line}
   size_t MaxNewSize                               = 643825664                                 {product} {ergonomic}
   size_t MinHeapDeltaBytes                        = 1048576                                   {product} {ergonomic}
   size_t MinHeapSize                              = 8388608                                   {product} {ergonomic}
    uintx NonNMethodCodeHeapSize                   = 5839372                                {pd product} {ergonomic}
    uintx NonProfiledCodeHeapSize                  = 122909434                              {pd product} {ergonomic}
    uintx ProfiledCodeHeapSize                     = 122909434                              {pd product} {ergonomic}
    uintx ReservedCodeCacheSize                    = 251658240                              {pd product} {ergonomic}
     bool SegmentedCodeCache                       = true                                      {product} {ergonomic}
   size_t SoftMaxHeapSize                          = 1073741824                             {manageable} {ergonomic}
     bool UseCompressedClassPointers               = true                           {product lp64_product} {ergonomic}
     bool UseCompressedOops                        = true                           {product lp64_product} {ergonomic}
     bool UseG1GC                                  = true                                      {product} {command line}
     bool UseStringDeduplication                   = true                                      {product} {command line}

Logging:
Log output configuration:
 #0: stdout all=warning uptime,level,tags
 #1: stderr all=off uptime,level,tags

Environment Variables:
PATH=/usr/local/bin:/usr/bin:/bin:/usr/local/sbin:/usr/lib/jvm/default/bin:/usr/bin/site_perl:/usr/bin/vendor_perl:/usr/bin/core_perl
SHELL=/usr/bin/fish
DISPLAY=:0
LANG=es_PE.UTF-8

Signal Handlers:
SIGSEGV: [libjvm.so+0xef8e90], sa_mask[0]=11100100010111111101111111111110, sa_flags=SA_RESTART|SA_SIGINFO
SIGBUS: [libjvm.so+0xef8e90], sa_mask[0]=11100100010111111101111111111110, sa_flags=SA_RESTART|SA_SIGINFO
SIGFPE: [libjvm.so+0xef8e90], sa_mask[0]=11100100010111111101111111111110, sa_flags=SA_RESTART|SA_SIGINFO
SIGPIPE: [libjvm.so+0xd96d40], sa_mask[0]=11100100010111111101111111111110, sa_flags=SA_RESTART|SA_SIGINFO
SIGXFSZ: [libjvm.so+0xd96d40], sa_mask[0]=11100100010111111101111111111110, sa_flags=SA_RESTART|SA_SIGINFO
SIGILL: [libjvm.so+0xef8e90], sa_mask[0]=11100100010111111101111111111110, sa_flags=SA_RESTART|SA_SIGINFO
SIGUSR2: [libjvm.so+0xd963f0], sa_mask[0]=00000000000000000000000000000000, sa_flags=SA_RESTART|SA_SIGINFO
SIGHUP: [libjvm.so+0xd96310], sa_mask[0]=11100100010111111101111111111110, sa_flags=SA_RESTART|SA_SIGINFO
SIGINT: [libjvm.so+0xd96310], sa_mask[0]=11100100010111111101111111111110, sa_flags=SA_RESTART|SA_SIGINFO
SIGTERM: [libjvm.so+0xd96310], sa_mask[0]=11100100010111111101111111111110, sa_flags=SA_RESTART|SA_SIGINFO
SIGQUIT: [libjvm.so+0xd96310], sa_mask[0]=11100100010111111101111111111110, sa_flags=SA_RESTART|SA_SIGINFO
SIGTRAP: [libjvm.so+0xef8e90], sa_mask[0]=11100100010111111101111111111110, sa_flags=SA_RESTART|SA_SIGINFO


---------------  S Y S T E M  ---------------

OS:
NAME="Arch Linux"
PRETTY_NAME="Arch Linux"
ID=arch
BUILD_ID=rolling
ANSI_COLOR="38;2;23;147;209"
HOME_URL="https://archlinux.org/"
DOCUMENTATION_URL="https://wiki.archlinux.org/"
SUPPORT_URL="https://bbs.archlinux.org/"
BUG_REPORT_URL="https://bugs.archlinux.org/"
LOGO=archlinux
uname: Linux 5.13.12-arch1-1 #1 SMP PREEMPT Wed, 18 Aug 2021 20:49:03 +0000 x86_64
OS uptime: 0 days 1:19 hours
libc: glibc 2.33 NPTL 2.33 
rlimit (soft/hard): STACK 8192k/infinity , CORE infinity/infinity , NPROC 31598/31598 , NOFILE 524288/524288 , AS infinity/infinity , CPU infinity/infinity , DATA infinity/infinity , FSIZE infinity/infinity , MEMLOCK 1024k/1024k
load average: 1,65 1,63 1,50

/proc/meminfo:
MemTotal:        8104352 kB
MemFree:         3934192 kB
MemAvailable:    4915820 kB
Buffers:           97280 kB
Cached:          1317996 kB
SwapCached:            0 kB
Active:           436972 kB
Inactive:        3486772 kB
Active(anon):      23892 kB
Inactive(anon):  2728280 kB
Active(file):     413080 kB
Inactive(file):   758492 kB
Unevictable:          32 kB
Mlocked:              32 kB
SwapTotal:       8388604 kB
SwapFree:        8388604 kB
Dirty:               684 kB
Writeback:             0 kB
AnonPages:       2508640 kB
Mapped:           559396 kB
Shmem:            257064 kB
KReclaimable:      63536 kB
Slab:             127596 kB
SReclaimable:      63536 kB
SUnreclaim:        64060 kB
KernelStack:        9856 kB
PageTables:        31460 kB
NFS_Unstable:          0 kB
Bounce:                0 kB
WritebackTmp:          0 kB
CommitLimit:    12440780 kB
Committed_AS:    8616040 kB
VmallocTotal:   34359738367 kB
VmallocUsed:       34640 kB
VmallocChunk:          0 kB
Percpu:             4128 kB
HardwareCorrupted:     0 kB
AnonHugePages:         0 kB
ShmemHugePages:        0 kB
ShmemPmdMapped:        0 kB
FileHugePages:         0 kB
FilePmdMapped:         0 kB
CmaTotal:              0 kB
CmaFree:               0 kB
HugePages_Total:       0
HugePages_Free:        0
HugePages_Rsvd:        0
HugePages_Surp:        0
Hugepagesize:       2048 kB
Hugetlb:               0 kB
DirectMap4k:      234696 kB
DirectMap2M:     8116224 kB

/sys/kernel/mm/transparent_hugepage/enabled: always [madvise] never
/sys/kernel/mm/transparent_hugepage/defrag (defrag/compaction efforts parameter): always defer defer+madvise [madvise] never

Process Memory:
Virtual Size: 6530872K (peak: 6588216K)
Resident Set Size: 377880K (peak: 377880K) (anon: 348680K, file: 29168K, shmem: 32K)
Swapped out: 0K
C-Heap outstanding allocations: 85144K

/proc/sys/kernel/threads-max (system-wide limit on the number of threads): 63197
/proc/sys/vm/max_map_count (maximum number of memory map areas a process may have): 65530
/proc/sys/kernel/pid_max (system-wide limit on number of process identifiers): 4194304

container (cgroup) information:
container_type: cgroupv2
cpu_cpuset_cpus: not supported
cpu_memory_nodes: not supported
active_processor_count: 8
cpu_quota: not supported
cpu_period: not supported
cpu_shares: not supported
memory_limit_in_bytes: unlimited
memory_and_swap_limit_in_bytes: unlimited
memory_soft_limit_in_bytes: unlimited
memory_usage_in_bytes: 3774545920
memory_max_usage_in_bytes: not supported

Steal ticks since vm start: 0
Steal ticks percentage since vm start:  0,000

CPU: total 8 (initial active 8) (4 cores per cpu, 2 threads per core) family 6 model 58 stepping 9 microcode 0x15, cx8, cmov, fxsr, ht, mmx, sse, sse2, sse3, ssse3, sse4.1, sse4.2, popcnt, tsc, tscinvbit, avx, aes, erms, clmul, vzeroupper, clflush
CPU Model and flags from /proc/cpuinfo:
model name	: Intel(R) Core(TM) i7-3610QM CPU @ 2.30GHz
flags		: fpu vme de pse tsc msr pae mce cx8 apic sep mtrr pge mca cmov pat pse36 clflush dts acpi mmx fxsr sse sse2 ss ht tm pbe syscall nx rdtscp lm constant_tsc arch_perfmon pebs bts rep_good nopl xtopology nonstop_tsc cpuid aperfmperf pni pclmulqdq dtes64 monitor ds_cpl vmx est tm2 ssse3 cx16 xtpr pdcm pcid sse4_1 sse4_2 x2apic popcnt tsc_deadline_timer aes xsave avx f16c rdrand lahf_lm cpuid_fault epb pti tpr_shadow vnmi flexpriority ept vpid fsgsbase smep erms xsaveopt dtherm ida arat pln pts

Online cpus: 0-7
Offline cpus: 
BIOS frequency limitation: <Not Available>
Frequency switch latency (ns): 20000
Available cpu frequencies: <Not Available>
Current governor: schedutil
Core performance/turbo boost: <Not Available>

Memory: 4k page, physical 8104352k(3933940k free), swap 8388604k(8388604k free)

vm_info: OpenJDK 64-Bit Server VM (16.0.2+7) for linux-amd64 JRE (16.0.2+7), built on Jul 22 2021 03:33:00 by "builduser" with gcc 11.1.0

END.
